[2024-02-07 14:42:11,816][flwr][INFO] - Starting Flower simulation, config: ServerConfig(num_rounds=3, round_timeout=None)
[2024-02-07 14:42:19,148][flwr][INFO] - Flower VCE: Ray initialized with resources: {'CPU': 4.0, 'node:127.0.0.1': 1.0, 'memory': 1113602459.0, 'object_store_memory': 556801228.0, 'node:__internal_head__': 1.0}
[2024-02-07 14:42:19,149][flwr][INFO] - Optimize your simulation with Flower VCE: https://flower.dev/docs/framework/how-to-run-simulations.html
[2024-02-07 14:42:19,150][flwr][INFO] - Flower VCE: Resources for each Virtual Client: {'num_cpus': 2, 'num_gpus': 0.0}
[2024-02-07 14:42:19,162][flwr][INFO] - Flower VCE: Creating VirtualClientEngineActorPool with 2 actors
[2024-02-07 14:42:19,163][flwr][INFO] - Initializing global parameters
[2024-02-07 14:42:19,164][flwr][INFO] - Requesting initial parameters from one random client
[2024-02-07 14:42:26,302][flwr][INFO] - Received initial parameters from one random client
[2024-02-07 14:42:26,303][flwr][INFO] - Evaluating initial parameters
[2024-02-07 14:43:12,576][flwr][INFO] - initial parameters (loss, other metrics): 0.02376019072532654, {'accuracy': 0.285}
[2024-02-07 14:43:12,580][flwr][INFO] - FL starting
[2024-02-07 14:43:12,587][flwr][DEBUG] - fit_round 1: strategy sampled 10 clients (out of 100)
[2024-02-07 14:44:47,028][flwr][DEBUG] - fit_round 1 received 10 results and 0 failures
[2024-02-07 14:44:48,018][flwr][WARNING] - No fit_metrics_aggregation_fn provided
[2024-02-07 14:45:30,254][flwr][INFO] - fit progress: (1, 0.023595388174057007, {'accuracy': 0.276}, 137.67391440004576)
[2024-02-07 14:45:30,255][flwr][INFO] - evaluate_round 1: no clients selected, cancel
[2024-02-07 14:45:30,256][flwr][DEBUG] - fit_round 2: strategy sampled 10 clients (out of 100)
[2024-02-07 14:46:51,375][flwr][DEBUG] - fit_round 2 received 10 results and 0 failures
[2024-02-07 14:47:30,697][flwr][INFO] - fit progress: (2, 0.0235965838432312, {'accuracy': 0.281}, 258.1171593000181)
[2024-02-07 14:47:30,698][flwr][INFO] - evaluate_round 2: no clients selected, cancel
[2024-02-07 14:47:30,700][flwr][DEBUG] - fit_round 3: strategy sampled 10 clients (out of 100)
[2024-02-07 14:48:45,565][flwr][DEBUG] - fit_round 3 received 10 results and 0 failures
[2024-02-07 14:49:23,646][flwr][INFO] - fit progress: (3, 0.022305020451545716, {'accuracy': 0.316}, 371.067117700004)
[2024-02-07 14:49:23,647][flwr][INFO] - evaluate_round 3: no clients selected, cancel
[2024-02-07 14:49:23,647][flwr][INFO] - FL finished in 371.06831989996135
[2024-02-07 14:49:23,738][flwr][INFO] - app_fit: losses_distributed []
[2024-02-07 14:49:23,744][flwr][INFO] - app_fit: metrics_distributed_fit {}
[2024-02-07 14:49:23,744][flwr][INFO] - app_fit: metrics_distributed {}
[2024-02-07 14:49:23,745][flwr][INFO] - app_fit: losses_centralized [(0, 0.02376019072532654), (1, 0.023595388174057007), (2, 0.0235965838432312), (3, 0.022305020451545716)]
[2024-02-07 14:49:23,746][flwr][INFO] - app_fit: metrics_centralized {'accuracy': [(0, 0.285), (1, 0.276), (2, 0.281), (3, 0.316)]}
