[2024-02-08 19:02:19,248][flwr][INFO] - Starting Flower simulation, config: ServerConfig(num_rounds=3, round_timeout=None)
[2024-02-08 19:02:27,630][flwr][INFO] - Flower VCE: Ray initialized with resources: {'CPU': 4.0, 'object_store_memory': 929798553.0, 'memory': 1859597108.0, 'node:127.0.0.1': 1.0, 'node:__internal_head__': 1.0}
[2024-02-08 19:02:27,633][flwr][INFO] - Optimize your simulation with Flower VCE: https://flower.dev/docs/framework/how-to-run-simulations.html
[2024-02-08 19:02:27,634][flwr][INFO] - Flower VCE: Resources for each Virtual Client: {'num_cpus': 2, 'num_gpus': 0.0}
[2024-02-08 19:02:27,664][flwr][INFO] - Flower VCE: Creating VirtualClientEngineActorPool with 2 actors
[2024-02-08 19:02:27,665][flwr][INFO] - Initializing global parameters
[2024-02-08 19:02:27,666][flwr][INFO] - Requesting initial parameters from one random client
[2024-02-08 19:02:37,528][flwr][INFO] - Received initial parameters from one random client
[2024-02-08 19:02:37,529][flwr][INFO] - Evaluating initial parameters
[2024-02-08 19:03:15,215][flwr][INFO] - initial parameters (loss, other metrics): 0.024970385193824766, {'accuracy': 21.5625}
[2024-02-08 19:03:15,216][flwr][INFO] - FL starting
[2024-02-08 19:03:15,217][flwr][DEBUG] - fit_round 1: strategy sampled 10 clients (out of 100)
[2024-02-08 19:04:29,831][flwr][DEBUG] - fit_round 1 received 10 results and 0 failures
[2024-02-08 19:04:30,754][flwr][WARNING] - No fit_metrics_aggregation_fn provided
[2024-02-08 19:05:11,606][flwr][INFO] - fit progress: (1, 0.02448494565486908, {'accuracy': 22.5390625}, 116.38984980003443)
[2024-02-08 19:05:11,607][flwr][INFO] - evaluate_round 1: no clients selected, cancel
[2024-02-08 19:05:11,608][flwr][DEBUG] - fit_round 2: strategy sampled 10 clients (out of 100)
[2024-02-08 19:06:29,407][flwr][DEBUG] - fit_round 2 received 10 results and 0 failures
[2024-02-08 19:07:20,982][flwr][INFO] - fit progress: (2, 0.024256192207336425, {'accuracy': 22.79296875}, 245.7648549999576)
[2024-02-08 19:07:20,983][flwr][INFO] - evaluate_round 2: no clients selected, cancel
[2024-02-08 19:07:20,984][flwr][DEBUG] - fit_round 3: strategy sampled 10 clients (out of 100)
[2024-02-08 19:08:40,640][flwr][DEBUG] - fit_round 3 received 10 results and 0 failures
[2024-02-08 19:09:20,188][flwr][INFO] - fit progress: (3, 0.022367198586463927, {'accuracy': 31.2890625}, 364.971301499987)
[2024-02-08 19:09:20,189][flwr][INFO] - evaluate_round 3: no clients selected, cancel
[2024-02-08 19:09:20,189][flwr][INFO] - FL finished in 364.9725760000292
[2024-02-08 19:09:20,268][flwr][INFO] - app_fit: losses_distributed []
[2024-02-08 19:09:20,269][flwr][INFO] - app_fit: metrics_distributed_fit {}
[2024-02-08 19:09:20,270][flwr][INFO] - app_fit: metrics_distributed {}
[2024-02-08 19:09:20,270][flwr][INFO] - app_fit: losses_centralized [(0, 0.024970385193824766), (1, 0.02448494565486908), (2, 0.024256192207336425), (3, 0.022367198586463927)]
[2024-02-08 19:09:20,271][flwr][INFO] - app_fit: metrics_centralized {'accuracy': [(0, 21.5625), (1, 22.5390625), (2, 22.79296875), (3, 31.2890625)]}
