[2024-03-30 16:57:53,581][flwr][WARNING] - Both server and strategy were provided, ignoring strategy
[2024-03-30 16:57:53,582][flwr][INFO] - Starting Flower simulation, config: ServerConfig(num_rounds=2, round_timeout=None)
[2024-03-30 16:57:58,107][flwr][INFO] - Flower VCE: Ray initialized with resources: {'node:127.0.0.1': 1.0, 'memory': 15526863668.0, 'object_store_memory': 7763431833.0, 'node:__internal_head__': 1.0, 'CPU': 6.0, 'GPU': 1.0}
[2024-03-30 16:57:58,107][flwr][INFO] - Optimize your simulation with Flower VCE: https://flower.dev/docs/framework/how-to-run-simulations.html
[2024-03-30 16:57:58,107][flwr][INFO] - Flower VCE: Resources for each Virtual Client: {'num_cpus': 4, 'num_gpus': 1}
[2024-03-30 16:57:58,107][flwr][INFO] - Flower VCE: Creating VirtualClientEngineActorPool with 1 actors
[2024-03-30 16:57:58,118][flwr][INFO] - Initializing global parameters
[2024-03-30 16:57:58,118][flwr][INFO] - Requesting initial parameters from one random client
[2024-03-30 16:58:03,928][flwr][INFO] - Received initial parameters from one random client
[2024-03-30 16:58:03,960][flwr][INFO] - Evaluating initial parameters
[2024-03-30 16:58:30,001][flwr][INFO] - initial parameters (loss, other metrics): 0.0774701171875, {'accuracy': 12.579113924050633}
[2024-03-30 16:58:30,001][flwr][INFO] - FL starting
[2024-03-30 16:58:30,068][flwr][DEBUG] - fit_round 1: strategy sampled 5 clients (out of 10)
[2024-03-30 16:59:25,144][flwr][DEBUG] - fit_round 1 received 5 results and 0 failures
[2024-03-30 16:59:48,072][flwr][INFO] - fit progress: (1, 0.06524237670898438, {'accuracy': 31.25}, 78.07895080000162)
[2024-03-30 16:59:48,072][flwr][DEBUG] - evaluate_round 1: strategy sampled 5 clients (out of 10)
[2024-03-30 17:00:28,852][flwr][DEBUG] - evaluate_round 1 received 5 results and 0 failures
[2024-03-30 17:00:28,921][flwr][DEBUG] - fit_round 2: strategy sampled 5 clients (out of 10)
[2024-03-30 17:01:20,804][flwr][DEBUG] - fit_round 2 received 5 results and 0 failures
[2024-03-30 17:01:43,079][flwr][INFO] - fit progress: (2, 0.05612096481323242, {'accuracy': 49.88132911392405}, 193.0812600000063)
[2024-03-30 17:01:43,079][flwr][DEBUG] - evaluate_round 2: strategy sampled 5 clients (out of 10)
[2024-03-30 17:02:22,293][flwr][DEBUG] - evaluate_round 2 received 5 results and 0 failures
[2024-03-30 17:02:22,300][flwr][INFO] - FL finished in 232.2986360000068
[2024-03-30 17:02:22,314][flwr][INFO] - app_fit: losses_distributed [(1, 0.07418669976128472), (2, 0.06464934624565973)]
[2024-03-30 17:02:22,315][flwr][INFO] - app_fit: metrics_distributed_fit {'loss': [(1, 2.2477067330304314), (2, 1.9787666334825404)], 'accuracy': [(1, 18.936651544009933), (2, 35.96153842701631)], 'mean_diff_acc': [(1, 3.907985046680551e-15), (2, 5.684341886080802e-15)], 'var_diff_acc': [(1, 2.917422794338453), (2, 9.744422271985332)]}
[2024-03-30 17:02:22,315][flwr][INFO] - app_fit: metrics_distributed {'loss': [(1, 0.07418669976128472), (2, 0.06464934624565973)], 'accuracy': [(1, 26.25), (2, 47.421875)], 'mean_diff_acc': [(1, 0.0), (2, 0.0)], 'var_diff_acc': [(1, 7.04345703125), (2, 51.2451171875)]}
[2024-03-30 17:02:22,316][flwr][INFO] - app_fit: losses_centralized [(0, 0.0774701171875), (1, 0.06524237670898438), (2, 0.05612096481323242)]
[2024-03-30 17:02:22,317][flwr][INFO] - app_fit: metrics_centralized {'accuracy': [(0, 12.579113924050633), (1, 31.25), (2, 49.88132911392405)]}
