[2024-03-25 11:26:03,594][flwr][WARNING] - Both server and strategy were provided, ignoring strategy
[2024-03-25 11:26:03,601][flwr][INFO] - Starting Flower simulation, config: ServerConfig(num_rounds=2, round_timeout=None)
[2024-03-25 11:26:08,192][flwr][INFO] - Flower VCE: Ray initialized with resources: {'GPU': 1.0, 'object_store_memory': 7803144192.0, 'memory': 15606288384.0, 'node:127.0.0.1': 1.0, 'node:__internal_head__': 1.0, 'CPU': 6.0}
[2024-03-25 11:26:08,192][flwr][INFO] - Optimize your simulation with Flower VCE: https://flower.dev/docs/framework/how-to-run-simulations.html
[2024-03-25 11:26:08,193][flwr][INFO] - Flower VCE: Resources for each Virtual Client: {'num_cpus': 4, 'num_gpus': 1}
[2024-03-25 11:26:08,202][flwr][INFO] - Flower VCE: Creating VirtualClientEngineActorPool with 1 actors
[2024-03-25 11:26:08,203][flwr][INFO] - Initializing global parameters
[2024-03-25 11:26:08,204][flwr][INFO] - Requesting initial parameters from one random client
[2024-03-25 11:26:14,105][flwr][INFO] - Received initial parameters from one random client
[2024-03-25 11:26:14,105][flwr][INFO] - Evaluating initial parameters
[2024-03-25 11:26:29,836][flwr][INFO] - initial parameters (loss, other metrics): 0.04857279318571091, {'accuracy': 24.51171875}
[2024-03-25 11:26:29,837][flwr][INFO] - FL starting
[2024-03-25 11:26:29,838][flwr][DEBUG] - fit_round 1: strategy sampled 5 clients (out of 10)
[2024-03-25 11:27:16,291][flwr][DEBUG] - fit_round 1 received 5 results and 0 failures
[2024-03-25 11:27:29,148][flwr][INFO] - fit progress: (1, 0.032057469367980956, {'accuracy': 62.890625}, 59.32374190000701)
[2024-03-25 11:27:29,148][flwr][DEBUG] - evaluate_round 1: strategy sampled 5 clients (out of 10)
[2024-03-25 11:28:04,875][flwr][DEBUG] - evaluate_round 1 received 5 results and 0 failures
[2024-03-25 11:28:04,881][flwr][DEBUG] - fit_round 2: strategy sampled 5 clients (out of 10)
[2024-03-25 11:28:47,933][flwr][DEBUG] - fit_round 2 received 5 results and 0 failures
[2024-03-25 11:29:00,684][flwr][INFO] - fit progress: (2, 0.02158150044083595, {'accuracy': 73.14453125}, 150.87631669998518)
[2024-03-25 11:29:00,684][flwr][DEBUG] - evaluate_round 2: strategy sampled 5 clients (out of 10)
[2024-03-25 11:29:36,509][flwr][DEBUG] - evaluate_round 2 received 5 results and 0 failures
[2024-03-25 11:29:36,513][flwr][INFO] - FL finished in 186.70627349999268
[2024-03-25 11:29:36,522][flwr][INFO] - app_fit: losses_distributed [(1, 0.034302092658148875), (2, 0.024073088301552668)]
[2024-03-25 11:29:36,523][flwr][INFO] - app_fit: metrics_distributed_fit {'loss': [(1, 1.3524664776665825), (2, 0.8895986676216125)], 'accuracy': [(1, 35.80357121058873), (2, 67.02380916050502)], 'mean_diff_acc': [(1, -7.105427357601002e-16), (2, 0.0)], 'var_diff_acc': [(1, 19.384015001617534), (2, 48.16369621361447)]}
[2024-03-25 11:29:36,524][flwr][INFO] - app_fit: metrics_distributed {'loss': [(1, 0.034302092658148875), (2, 0.024073088301552668)], 'accuracy': [(1, 57.6762814839681), (2, 72.86858876546223)], 'mean_diff_acc': [(1, 0.0), (2, 5.684341886080802e-15)], 'var_diff_acc': [(1, 15.623459352622472), (2, 8.188999967305508)]}
[2024-03-25 11:29:36,525][flwr][INFO] - app_fit: losses_centralized [(0, 0.04857279318571091), (1, 0.032057469367980956), (2, 0.02158150044083595)]
[2024-03-25 11:29:36,525][flwr][INFO] - app_fit: metrics_centralized {'accuracy': [(0, 24.51171875), (1, 62.890625), (2, 73.14453125)]}
