[2024-02-07 12:09:18,480][flwr][INFO] - Starting Flower simulation, config: ServerConfig(num_rounds=3, round_timeout=None)
[2024-02-07 12:09:25,007][flwr][INFO] - Flower VCE: Ray initialized with resources: {'CPU': 4.0, 'node:__internal_head__': 1.0, 'memory': 493424640.0, 'object_store_memory': 246712320.0, 'node:127.0.0.1': 1.0}
[2024-02-07 12:09:25,009][flwr][INFO] - Optimize your simulation with Flower VCE: https://flower.dev/docs/framework/how-to-run-simulations.html
[2024-02-07 12:09:25,010][flwr][INFO] - Flower VCE: Resources for each Virtual Client: {'num_cpus': 2, 'num_gpus': 0.0}
[2024-02-07 12:09:25,039][flwr][INFO] - Flower VCE: Creating VirtualClientEngineActorPool with 2 actors
[2024-02-07 12:09:25,041][flwr][INFO] - Initializing global parameters
[2024-02-07 12:09:25,041][flwr][INFO] - Requesting initial parameters from one random client
[2024-02-07 12:09:32,820][flwr][INFO] - Received initial parameters from one random client
[2024-02-07 12:09:32,821][flwr][INFO] - Evaluating initial parameters
[2024-02-07 12:10:27,042][flwr][INFO] - initial parameters (loss, other metrics): 0.024313301742076875, {'accuracy': 0.35}
[2024-02-07 12:10:27,045][flwr][INFO] - FL starting
[2024-02-07 12:10:27,052][flwr][DEBUG] - fit_round 1: strategy sampled 10 clients (out of 100)
[2024-02-07 12:12:00,626][flwr][DEBUG] - fit_round 1 received 10 results and 0 failures
[2024-02-07 12:12:01,536][flwr][WARNING] - No fit_metrics_aggregation_fn provided
[2024-02-07 12:12:42,373][flwr][INFO] - fit progress: (1, 0.021800735652446748, {'accuracy': 0.371}, 135.3267143999692)
[2024-02-07 12:12:42,374][flwr][INFO] - evaluate_round 1: no clients selected, cancel
[2024-02-07 12:12:42,374][flwr][DEBUG] - fit_round 2: strategy sampled 10 clients (out of 100)
[2024-02-07 12:14:04,249][flwr][DEBUG] - fit_round 2 received 10 results and 0 failures
[2024-02-07 12:14:44,967][flwr][INFO] - fit progress: (2, 0.020642948687076567, {'accuracy': 0.409}, 257.92040009994525)
[2024-02-07 12:14:44,968][flwr][INFO] - evaluate_round 2: no clients selected, cancel
[2024-02-07 12:14:44,968][flwr][DEBUG] - fit_round 3: strategy sampled 10 clients (out of 100)
[2024-02-07 12:16:05,741][flwr][DEBUG] - fit_round 3 received 10 results and 0 failures
[2024-02-07 12:16:45,434][flwr][INFO] - fit progress: (3, 0.019933609187602997, {'accuracy': 0.424}, 378.3886806999799)
[2024-02-07 12:16:45,435][flwr][INFO] - evaluate_round 3: no clients selected, cancel
[2024-02-07 12:16:45,436][flwr][INFO] - FL finished in 378.389960499946
[2024-02-07 12:16:45,476][flwr][INFO] - app_fit: losses_distributed []
[2024-02-07 12:16:45,477][flwr][INFO] - app_fit: metrics_distributed_fit {}
[2024-02-07 12:16:45,478][flwr][INFO] - app_fit: metrics_distributed {}
[2024-02-07 12:16:45,478][flwr][INFO] - app_fit: losses_centralized [(0, 0.024313301742076875), (1, 0.021800735652446748), (2, 0.020642948687076567), (3, 0.019933609187602997)]
[2024-02-07 12:16:45,479][flwr][INFO] - app_fit: metrics_centralized {'accuracy': [(0, 0.35), (1, 0.371), (2, 0.409), (3, 0.424)]}
