[2024-02-08 21:15:27,759][flwr][INFO] - Starting Flower simulation, config: ServerConfig(num_rounds=3, round_timeout=None)
[2024-02-08 21:15:33,625][flwr][INFO] - Flower VCE: Ray initialized with resources: {'memory': 982912206.0, 'node:127.0.0.1': 1.0, 'object_store_memory': 491456102.0, 'node:__internal_head__': 1.0, 'CPU': 4.0}
[2024-02-08 21:15:33,626][flwr][INFO] - Optimize your simulation with Flower VCE: https://flower.dev/docs/framework/how-to-run-simulations.html
[2024-02-08 21:15:33,627][flwr][INFO] - Flower VCE: Resources for each Virtual Client: {'num_cpus': 2, 'num_gpus': 0.0}
[2024-02-08 21:15:33,643][flwr][INFO] - Flower VCE: Creating VirtualClientEngineActorPool with 2 actors
[2024-02-08 21:15:33,644][flwr][INFO] - Initializing global parameters
[2024-02-08 21:15:33,646][flwr][INFO] - Requesting initial parameters from one random client
[2024-02-08 21:15:41,977][flwr][INFO] - Received initial parameters from one random client
[2024-02-08 21:15:41,977][flwr][INFO] - Evaluating initial parameters
[2024-02-08 21:16:33,940][flwr][INFO] - initial parameters (loss, other metrics): 0.025408554255962373, {'accuracy': 22.421875}
[2024-02-08 21:16:33,943][flwr][INFO] - FL starting
[2024-02-08 21:16:33,947][flwr][DEBUG] - fit_round 1: strategy sampled 10 clients (out of 100)
[2024-02-08 21:18:16,855][flwr][DEBUG] - fit_round 1 received 10 results and 0 failures
[2024-02-08 21:18:17,738][flwr][WARNING] - No fit_metrics_aggregation_fn provided
[2024-02-08 21:18:57,412][flwr][INFO] - fit progress: (1, 0.025071722865104677, {'accuracy': 22.91015625}, 143.46808050002437)
[2024-02-08 21:18:57,412][flwr][INFO] - evaluate_round 1: no clients selected, cancel
[2024-02-08 21:18:57,413][flwr][DEBUG] - fit_round 2: strategy sampled 10 clients (out of 100)
[2024-02-08 21:20:17,566][flwr][DEBUG] - fit_round 2 received 10 results and 0 failures
[2024-02-08 21:20:57,938][flwr][INFO] - fit progress: (2, 0.024945375084877014, {'accuracy': 23.10546875}, 263.9941105999751)
[2024-02-08 21:20:57,939][flwr][INFO] - evaluate_round 2: no clients selected, cancel
[2024-02-08 21:20:57,939][flwr][DEBUG] - fit_round 3: strategy sampled 10 clients (out of 100)
[2024-02-08 21:22:10,346][flwr][DEBUG] - fit_round 3 received 10 results and 0 failures
[2024-02-08 21:22:54,521][flwr][INFO] - fit progress: (3, 0.023225432872772216, {'accuracy': 25.01953125}, 380.57740609999746)
[2024-02-08 21:22:54,523][flwr][INFO] - evaluate_round 3: no clients selected, cancel
[2024-02-08 21:22:54,523][flwr][INFO] - FL finished in 380.5794138000347
[2024-02-08 21:22:54,615][flwr][INFO] - app_fit: losses_distributed []
[2024-02-08 21:22:54,618][flwr][INFO] - app_fit: metrics_distributed_fit {}
[2024-02-08 21:22:54,619][flwr][INFO] - app_fit: metrics_distributed {}
[2024-02-08 21:22:54,619][flwr][INFO] - app_fit: losses_centralized [(0, 0.025408554255962373), (1, 0.025071722865104677), (2, 0.024945375084877014), (3, 0.023225432872772216)]
[2024-02-08 21:22:54,620][flwr][INFO] - app_fit: metrics_centralized {'accuracy': [(0, 22.421875), (1, 22.91015625), (2, 23.10546875), (3, 25.01953125)]}
