[2024-02-12 13:06:24,394][flwr][INFO] - Starting Flower simulation, config: ServerConfig(num_rounds=3, round_timeout=None)
[2024-02-12 13:06:31,758][flwr][INFO] - Flower VCE: Ray initialized with resources: {'CPU': 4.0, 'object_store_memory': 368509747.0, 'node:127.0.0.1': 1.0, 'memory': 737019495.0, 'node:__internal_head__': 1.0}
[2024-02-12 13:06:31,759][flwr][INFO] - Optimize your simulation with Flower VCE: https://flower.dev/docs/framework/how-to-run-simulations.html
[2024-02-12 13:06:31,760][flwr][INFO] - Flower VCE: Resources for each Virtual Client: {'num_cpus': 2, 'num_gpus': 0.0}
[2024-02-12 13:06:31,847][flwr][INFO] - Flower VCE: Creating VirtualClientEngineActorPool with 2 actors
[2024-02-12 13:06:31,848][flwr][INFO] - Initializing global parameters
[2024-02-12 13:06:31,852][flwr][INFO] - Requesting initial parameters from one random client
[2024-02-12 13:06:42,061][flwr][INFO] - Received initial parameters from one random client
[2024-02-12 13:06:42,062][flwr][INFO] - Evaluating initial parameters
[2024-02-12 13:07:21,153][flwr][INFO] - initial parameters (loss, other metrics): 0.025695414662361145, {'accuracy': 21.2890625}
[2024-02-12 13:07:21,154][flwr][INFO] - FL starting
[2024-02-12 13:07:21,155][flwr][DEBUG] - fit_round 1: strategy sampled 10 clients (out of 100)
[2024-02-12 13:09:04,367][flwr][DEBUG] - fit_round 1 received 10 results and 0 failures
[2024-02-12 13:09:05,431][flwr][WARNING] - No fit_metrics_aggregation_fn provided
[2024-02-12 13:09:46,389][flwr][INFO] - fit progress: (1, 0.022480220079421995, {'accuracy': 29.7265625}, 145.23471900005825)
[2024-02-12 13:09:46,391][flwr][INFO] - evaluate_round 1: no clients selected, cancel
[2024-02-12 13:09:46,393][flwr][DEBUG] - fit_round 2: strategy sampled 10 clients (out of 100)
[2024-02-12 13:11:04,009][flwr][DEBUG] - fit_round 2 received 10 results and 0 failures
[2024-02-12 13:11:44,550][flwr][INFO] - fit progress: (2, 0.02145244288444519, {'accuracy': 37.44140625}, 263.39455780002754)
[2024-02-12 13:11:44,551][flwr][INFO] - evaluate_round 2: no clients selected, cancel
[2024-02-12 13:11:44,551][flwr][DEBUG] - fit_round 3: strategy sampled 10 clients (out of 100)
[2024-02-12 13:13:05,478][flwr][DEBUG] - fit_round 3 received 10 results and 0 failures
[2024-02-12 13:13:45,031][flwr][INFO] - fit progress: (3, 0.020480813980102538, {'accuracy': 42.109375}, 383.8765368000604)
[2024-02-12 13:13:45,032][flwr][INFO] - evaluate_round 3: no clients selected, cancel
[2024-02-12 13:13:45,032][flwr][INFO] - FL finished in 383.87793620000593
[2024-02-12 13:13:45,073][flwr][INFO] - app_fit: losses_distributed []
[2024-02-12 13:13:45,074][flwr][INFO] - app_fit: metrics_distributed_fit {}
[2024-02-12 13:13:45,075][flwr][INFO] - app_fit: metrics_distributed {}
[2024-02-12 13:13:45,075][flwr][INFO] - app_fit: losses_centralized [(0, 0.025695414662361145), (1, 0.022480220079421995), (2, 0.02145244288444519), (3, 0.020480813980102538)]
[2024-02-12 13:13:45,076][flwr][INFO] - app_fit: metrics_centralized {'accuracy': [(0, 21.2890625), (1, 29.7265625), (2, 37.44140625), (3, 42.109375)]}
