[2024-05-18 20:22:18,764][flwr][WARNING] - Both server and strategy were provided, ignoring strategy
[2024-05-18 20:22:18,764][flwr][INFO] - Starting Flower simulation, config: ServerConfig(num_rounds=1, round_timeout=None)
[2024-05-18 20:22:23,709][flwr][INFO] - Flower VCE: Ray initialized with resources: {'CPU': 6.0, 'object_store_memory': 7259719680.0, 'memory': 14519439360.0, 'node:127.0.0.1': 1.0, 'GPU': 1.0, 'node:__internal_head__': 1.0}
[2024-05-18 20:22:23,709][flwr][INFO] - Optimize your simulation with Flower VCE: https://flower.dev/docs/framework/how-to-run-simulations.html
[2024-05-18 20:22:23,709][flwr][INFO] - Flower VCE: Resources for each Virtual Client: {'num_cpus': 6, 'num_gpus': 1}
[2024-05-18 20:22:23,717][flwr][INFO] - Flower VCE: Creating VirtualClientEngineActorPool with 1 actors
[2024-05-18 20:22:23,717][flwr][INFO] - Initializing global parameters
[2024-05-18 20:22:23,721][flwr][INFO] - Using initial parameters provided by strategy
[2024-05-18 20:22:23,721][flwr][INFO] - Evaluating initial parameters
[2024-05-18 20:23:22,058][flwr][INFO] - FL starting
[2024-05-18 20:23:22,138][flwr][DEBUG] - fit_round 1: strategy sampled 5 clients (out of 5)
[2024-05-18 20:29:34,182][flwr][DEBUG] - fit_round 1 received 5 results and 0 failures
[2024-05-18 20:30:29,869][flwr][INFO] - Model saved with Best Test kNN accuracy 31.080: 
[2024-05-18 20:30:29,872][flwr][INFO] - fit progress: (1, 0, {'accuracy': 31.080000000000002}, 427.823794899974)
[2024-05-18 20:30:29,873][flwr][INFO] - evaluate_round 1: no clients selected, cancel
[2024-05-18 20:30:29,873][flwr][INFO] - FL finished in 427.8245685999864
[2024-05-18 20:30:29,893][flwr][INFO] - app_fit: losses_distributed []
[2024-05-18 20:30:29,894][flwr][INFO] - app_fit: metrics_distributed_fit {'loss': [(1, -0.03773315966016814)], 'd_loss': [(1, -0.03773315966016814)], 'cka_loss': [(1, 0.0)]}
[2024-05-18 20:30:29,895][flwr][INFO] - app_fit: metrics_distributed {}
[2024-05-18 20:30:29,895][flwr][INFO] - app_fit: losses_centralized [(1, 0)]
[2024-05-18 20:30:29,895][flwr][INFO] - app_fit: metrics_centralized {'accuracy': [(1, 31.080000000000002)]}
