[2024-02-07 15:47:09,917][flwr][INFO] - Starting Flower simulation, config: ServerConfig(num_rounds=8, round_timeout=None)
[2024-02-07 15:47:16,141][flwr][INFO] - Flower VCE: Ray initialized with resources: {'node:127.0.0.1': 1.0, 'memory': 2089827534.0, 'object_store_memory': 1044913766.0, 'CPU': 4.0, 'node:__internal_head__': 1.0}
[2024-02-07 15:47:16,142][flwr][INFO] - Optimize your simulation with Flower VCE: https://flower.dev/docs/framework/how-to-run-simulations.html
[2024-02-07 15:47:16,143][flwr][INFO] - Flower VCE: Resources for each Virtual Client: {'num_cpus': 2, 'num_gpus': 0.0}
[2024-02-07 15:47:16,158][flwr][INFO] - Flower VCE: Creating VirtualClientEngineActorPool with 2 actors
[2024-02-07 15:47:16,159][flwr][INFO] - Initializing global parameters
[2024-02-07 15:47:16,160][flwr][INFO] - Requesting initial parameters from one random client
[2024-02-07 15:47:23,929][flwr][INFO] - Received initial parameters from one random client
[2024-02-07 15:47:23,930][flwr][INFO] - Evaluating initial parameters
[2024-02-07 15:47:59,184][flwr][INFO] - initial parameters (loss, other metrics): 0.025868733406066893, {'accuracy': 17.5390625}
[2024-02-07 15:47:59,185][flwr][INFO] - FL starting
[2024-02-07 15:47:59,186][flwr][DEBUG] - fit_round 1: strategy sampled 10 clients (out of 100)
[2024-02-07 15:49:09,948][flwr][DEBUG] - fit_round 1 received 10 results and 0 failures
[2024-02-07 15:49:10,889][flwr][WARNING] - No fit_metrics_aggregation_fn provided
[2024-02-07 15:49:53,610][flwr][INFO] - fit progress: (1, 0.02363047516345978, {'accuracy': 21.89453125}, 114.4249139999738)
[2024-02-07 15:49:53,611][flwr][INFO] - evaluate_round 1: no clients selected, cancel
[2024-02-07 15:49:53,612][flwr][DEBUG] - fit_round 2: strategy sampled 10 clients (out of 100)
[2024-02-07 15:51:13,917][flwr][DEBUG] - fit_round 2 received 10 results and 0 failures
[2024-02-07 15:51:53,563][flwr][INFO] - fit progress: (2, 0.0225970596075058, {'accuracy': 30.21484375}, 234.3778860999737)
[2024-02-07 15:51:53,564][flwr][INFO] - evaluate_round 2: no clients selected, cancel
[2024-02-07 15:51:53,567][flwr][DEBUG] - fit_round 3: strategy sampled 10 clients (out of 100)
[2024-02-07 15:53:01,890][flwr][DEBUG] - fit_round 3 received 10 results and 0 failures
[2024-02-07 15:53:37,283][flwr][INFO] - fit progress: (3, 0.02151812970638275, {'accuracy': 33.65234375}, 338.09783899993636)
[2024-02-07 15:53:37,284][flwr][INFO] - evaluate_round 3: no clients selected, cancel
[2024-02-07 15:53:37,285][flwr][DEBUG] - fit_round 4: strategy sampled 10 clients (out of 100)
[2024-02-07 15:54:49,131][flwr][DEBUG] - fit_round 4 received 10 results and 0 failures
[2024-02-07 15:55:28,827][flwr][INFO] - fit progress: (4, 0.021383201479911806, {'accuracy': 34.74609375}, 449.64183539990336)
[2024-02-07 15:55:28,828][flwr][INFO] - evaluate_round 4: no clients selected, cancel
[2024-02-07 15:55:28,830][flwr][DEBUG] - fit_round 5: strategy sampled 10 clients (out of 100)
[2024-02-07 15:56:47,895][flwr][DEBUG] - fit_round 5 received 10 results and 0 failures
[2024-02-07 15:57:23,574][flwr][INFO] - fit progress: (5, 0.02069681990146637, {'accuracy': 38.61328125}, 564.3890618999721)
[2024-02-07 15:57:23,574][flwr][INFO] - evaluate_round 5: no clients selected, cancel
[2024-02-07 15:57:23,574][flwr][DEBUG] - fit_round 6: strategy sampled 10 clients (out of 100)
[2024-02-07 15:58:31,530][flwr][DEBUG] - fit_round 6 received 10 results and 0 failures
[2024-02-07 15:59:06,245][flwr][INFO] - fit progress: (6, 0.020633450627326966, {'accuracy': 39.00390625}, 667.0607328999322)
[2024-02-07 15:59:06,245][flwr][INFO] - evaluate_round 6: no clients selected, cancel
[2024-02-07 15:59:06,245][flwr][DEBUG] - fit_round 7: strategy sampled 10 clients (out of 100)
[2024-02-07 16:00:11,695][flwr][DEBUG] - fit_round 7 received 10 results and 0 failures
[2024-02-07 16:00:47,880][flwr][INFO] - fit progress: (7, 0.019866989731788635, {'accuracy': 42.08984375}, 768.6964660999365)
[2024-02-07 16:00:47,880][flwr][INFO] - evaluate_round 7: no clients selected, cancel
[2024-02-07 16:00:47,884][flwr][DEBUG] - fit_round 8: strategy sampled 10 clients (out of 100)
[2024-02-07 16:01:55,929][flwr][DEBUG] - fit_round 8 received 10 results and 0 failures
[2024-02-07 16:02:30,905][flwr][INFO] - fit progress: (8, 0.0190142804980278, {'accuracy': 50.25390625}, 871.7220625999616)
[2024-02-07 16:02:30,905][flwr][INFO] - evaluate_round 8: no clients selected, cancel
[2024-02-07 16:02:30,909][flwr][INFO] - FL finished in 871.7236033999361
[2024-02-07 16:02:30,959][flwr][INFO] - app_fit: losses_distributed []
[2024-02-07 16:02:30,960][flwr][INFO] - app_fit: metrics_distributed_fit {}
[2024-02-07 16:02:30,961][flwr][INFO] - app_fit: metrics_distributed {}
[2024-02-07 16:02:30,961][flwr][INFO] - app_fit: losses_centralized [(0, 0.025868733406066893), (1, 0.02363047516345978), (2, 0.0225970596075058), (3, 0.02151812970638275), (4, 0.021383201479911806), (5, 0.02069681990146637), (6, 0.020633450627326966), (7, 0.019866989731788635), (8, 0.0190142804980278)]
[2024-02-07 16:02:30,961][flwr][INFO] - app_fit: metrics_centralized {'accuracy': [(0, 17.5390625), (1, 21.89453125), (2, 30.21484375), (3, 33.65234375), (4, 34.74609375), (5, 38.61328125), (6, 39.00390625), (7, 42.08984375), (8, 50.25390625)]}
