[2024-05-26 16:01:46,805][flwr][WARNING] - Both server and strategy were provided, ignoring strategy
[2024-05-26 16:01:46,805][flwr][INFO] - Starting Flower simulation, config: ServerConfig(num_rounds=200, round_timeout=None)
[2024-05-26 16:01:49,222][flwr][INFO] - Flower VCE: Ray initialized with resources: {'CPU': 12.0, 'memory': 18556175156.0, 'node:__internal_head__': 1.0, 'accelerator_type:G': 1.0, 'GPU': 2.0, 'node:155.207.19.230': 1.0, 'object_store_memory': 9278087577.0}
[2024-05-26 16:01:49,223][flwr][INFO] - Optimize your simulation with Flower VCE: https://flower.dev/docs/framework/how-to-run-simulations.html
[2024-05-26 16:01:49,223][flwr][INFO] - Flower VCE: Resources for each Virtual Client: {'num_cpus': 6, 'num_gpus': 1}
[2024-05-26 16:01:49,232][flwr][INFO] - Flower VCE: Creating VirtualClientEngineActorPool with 2 actors
[2024-05-26 16:01:49,232][flwr][INFO] - Initializing global parameters
[2024-05-26 16:01:49,232][flwr][INFO] - Using initial parameters provided by strategy
[2024-05-26 16:01:49,232][flwr][INFO] - Evaluating initial parameters
[2024-05-26 16:02:22,027][flwr][INFO] - FL starting
[2024-05-26 16:02:22,137][flwr][DEBUG] - fit_round 1: strategy sampled 5 clients (out of 5)
[2024-05-26 16:05:39,629][flwr][DEBUG] - fit_round 1 received 5 results and 0 failures
[2024-05-26 16:06:11,693][flwr][INFO] - Model saved with Best Test kNN accuracy 29.800: 
[2024-05-26 16:06:11,694][flwr][INFO] - fit progress: (1, 0, {'accuracy': 29.799999999999997}, 229.66555009002332)
[2024-05-26 16:06:11,694][flwr][INFO] - evaluate_round 1: no clients selected, cancel
[2024-05-26 16:06:11,816][flwr][DEBUG] - fit_round 2: strategy sampled 5 clients (out of 5)
[2024-05-26 16:10:56,545][flwr][DEBUG] - fit_round 2 received 5 results and 0 failures
[2024-05-26 16:11:28,334][flwr][INFO] - fit progress: (2, 0, {'accuracy': 27.639999999999997}, 546.3057893720688)
[2024-05-26 16:11:28,335][flwr][INFO] - evaluate_round 2: no clients selected, cancel
[2024-05-26 16:11:28,417][flwr][DEBUG] - fit_round 3: strategy sampled 5 clients (out of 5)
[2024-05-26 16:16:32,698][flwr][DEBUG] - fit_round 3 received 5 results and 0 failures
[2024-05-26 16:17:04,587][flwr][INFO] - fit progress: (3, 0, {'accuracy': 28.68}, 882.558404096053)
[2024-05-26 16:17:04,587][flwr][INFO] - evaluate_round 3: no clients selected, cancel
[2024-05-26 16:17:04,674][flwr][DEBUG] - fit_round 4: strategy sampled 5 clients (out of 5)
