[2024-04-05 11:19:36,102][flwr][WARNING] - Both server and strategy were provided, ignoring strategy
[2024-04-05 11:19:36,103][flwr][INFO] - Starting Flower simulation, config: ServerConfig(num_rounds=3, round_timeout=None)
[2024-04-05 11:19:40,725][flwr][INFO] - Flower VCE: Ray initialized with resources: {'node:127.0.0.1': 1.0, 'memory': 15135881627.0, 'object_store_memory': 7567940812.0, 'node:__internal_head__': 1.0, 'CPU': 6.0, 'GPU': 1.0}
[2024-04-05 11:19:40,725][flwr][INFO] - Optimize your simulation with Flower VCE: https://flower.dev/docs/framework/how-to-run-simulations.html
[2024-04-05 11:19:40,726][flwr][INFO] - Flower VCE: Resources for each Virtual Client: {'num_cpus': 4, 'num_gpus': 1}
[2024-04-05 11:19:40,735][flwr][INFO] - Flower VCE: Creating VirtualClientEngineActorPool with 1 actors
[2024-04-05 11:19:40,736][flwr][INFO] - Initializing global parameters
[2024-04-05 11:19:40,736][flwr][INFO] - Requesting initial parameters from one random client
[2024-04-05 11:19:46,693][flwr][INFO] - Received initial parameters from one random client
[2024-04-05 11:19:46,694][flwr][INFO] - Evaluating initial parameters
[2024-04-05 11:20:07,651][flwr][INFO] - FL starting
[2024-04-05 11:20:07,652][flwr][DEBUG] - fit_round 1: strategy sampled 5 clients (out of 10)
[2024-04-05 11:20:45,867][flwr][DEBUG] - fit_round 1 received 5 results and 0 failures
[2024-04-05 11:21:04,125][flwr][INFO] - Model saved with Best Test accuracy 60.087: 
[2024-04-05 11:21:04,127][flwr][INFO] - fit progress: (1, 0.04138658757209778, {'accuracy': 60.087025316455694}, 56.47538889999851)
[2024-04-05 11:21:04,127][flwr][DEBUG] - evaluate_round 1: strategy sampled 5 clients (out of 10)
[2024-04-05 11:21:19,690][flwr][DEBUG] - evaluate_round 1 received 5 results and 0 failures
[2024-04-05 11:21:19,696][flwr][DEBUG] - fit_round 2: strategy sampled 5 clients (out of 10)
[2024-04-05 11:21:54,700][flwr][DEBUG] - fit_round 2 received 5 results and 0 failures
[2024-04-05 11:22:13,092][flwr][INFO] - Model saved with Best Test accuracy 75.791: 
[2024-04-05 11:22:13,094][flwr][INFO] - fit progress: (2, 0.024246350902318956, {'accuracy': 75.79113924050633}, 125.44329499997548)
[2024-04-05 11:22:13,094][flwr][DEBUG] - evaluate_round 2: strategy sampled 5 clients (out of 10)
[2024-04-05 11:22:28,435][flwr][DEBUG] - evaluate_round 2 received 5 results and 0 failures
[2024-04-05 11:22:28,441][flwr][DEBUG] - fit_round 3: strategy sampled 5 clients (out of 10)
[2024-04-05 11:23:03,289][flwr][DEBUG] - fit_round 3 received 5 results and 0 failures
[2024-04-05 11:23:21,401][flwr][INFO] - fit progress: (3, 0.023409508022665976, {'accuracy': 75.2373417721519}, 193.7522806999914)
[2024-04-05 11:23:21,402][flwr][DEBUG] - evaluate_round 3: strategy sampled 5 clients (out of 10)
[2024-04-05 11:23:36,628][flwr][DEBUG] - evaluate_round 3 received 5 results and 0 failures
[2024-04-05 11:23:36,634][flwr][INFO] - FL finished in 208.98554789999616
[2024-04-05 11:23:36,649][flwr][INFO] - app_fit: losses_distributed [(1, 0.049332110775841605), (2, 0.028533603535758123), (3, 0.028147700899177126)]
[2024-04-05 11:23:36,650][flwr][INFO] - app_fit: metrics_distributed_fit {'loss': [(1, 2.1250395816915177), (2, 1.2575076271505916), (3, 0.9597376549945159)], 'accuracy': [(1, 24.44287324793198), (2, 58.73020347146427), (3, 69.312782646628)], 'mean_diff_acc': [(1, 4.263256414560601e-15), (2, -1.4210854715202005e-15), (3, -5.684341886080802e-15)], 'var_diff_acc': [(1, 2.5699304633330877), (2, 12.268412700310275), (3, 10.725283516304932)]}
[2024-04-05 11:23:36,650][flwr][INFO] - app_fit: metrics_distributed {'loss': [(1, 0.049332110775841605), (2, 0.028533603535758123), (3, 0.028147700899177126)], 'accuracy': [(1, 55.859375), (2, 74.53125), (3, 76.171875)], 'mean_diff_acc': [(1, 0.0), (2, 0.0), (3, 0.0)], 'var_diff_acc': [(1, 36.865234375), (2, 18.51806640625), (3, 0.244140625)]}
[2024-04-05 11:23:36,651][flwr][INFO] - app_fit: losses_centralized [(1, 0.04138658757209778), (2, 0.024246350902318956), (3, 0.023409508022665976)]
[2024-04-05 11:23:36,651][flwr][INFO] - app_fit: metrics_centralized {'accuracy': [(1, 60.087025316455694), (2, 75.79113924050633), (3, 75.2373417721519)]}
