[2024-05-16 18:05:35,926][flwr][WARNING] - Both server and strategy were provided, ignoring strategy
[2024-05-16 18:05:35,927][flwr][INFO] - Starting Flower simulation, config: ServerConfig(num_rounds=1, round_timeout=None)
[2024-05-16 18:05:40,592][flwr][INFO] - Flower VCE: Ray initialized with resources: {'object_store_memory': 7132479897.0, 'memory': 14264959796.0, 'node:127.0.0.1': 1.0, 'node:__internal_head__': 1.0, 'GPU': 1.0, 'CPU': 6.0}
[2024-05-16 18:05:40,593][flwr][INFO] - Optimize your simulation with Flower VCE: https://flower.dev/docs/framework/how-to-run-simulations.html
[2024-05-16 18:05:40,593][flwr][INFO] - Flower VCE: Resources for each Virtual Client: {'num_cpus': 6, 'num_gpus': 1}
[2024-05-16 18:05:40,607][flwr][INFO] - Flower VCE: Creating VirtualClientEngineActorPool with 1 actors
[2024-05-16 18:05:40,607][flwr][INFO] - Initializing global parameters
[2024-05-16 18:05:40,608][flwr][INFO] - Using initial parameters provided by strategy
[2024-05-16 18:05:40,608][flwr][INFO] - Evaluating initial parameters
[2024-05-16 18:06:38,641][flwr][INFO] - FL starting
[2024-05-16 18:06:38,733][flwr][DEBUG] - fit_round 1: strategy sampled 10 clients (out of 10)
[2024-05-16 18:13:04,367][flwr][DEBUG] - fit_round 1 received 10 results and 0 failures
[2024-05-16 18:14:02,015][flwr][INFO] - Model saved with Best Test kNN accuracy 33.360: 
[2024-05-16 18:14:02,019][flwr][INFO] - fit progress: (1, 0, {'accuracy': 33.36}, 443.3839304999856)
[2024-05-16 18:14:02,019][flwr][INFO] - evaluate_round 1: no clients selected, cancel
[2024-05-16 18:14:02,019][flwr][INFO] - FL finished in 443.3847045000002
[2024-05-16 18:14:02,047][flwr][INFO] - app_fit: losses_distributed []
[2024-05-16 18:14:02,048][flwr][INFO] - app_fit: metrics_distributed_fit {'loss': [(1, -0.025664102684198213)], 'd_loss': [(1, -0.025664102684198213)], 'cka_loss': [(1, 0.0)]}
[2024-05-16 18:14:02,048][flwr][INFO] - app_fit: metrics_distributed {}
[2024-05-16 18:14:02,048][flwr][INFO] - app_fit: losses_centralized [(1, 0)]
[2024-05-16 18:14:02,049][flwr][INFO] - app_fit: metrics_centralized {'accuracy': [(1, 33.36)]}
