[2024-03-12 17:16:40,515][flwr][WARNING] - Both server and strategy were provided, ignoring strategy
[2024-03-12 17:16:40,516][flwr][INFO] - Starting Flower simulation, config: ServerConfig(num_rounds=2, round_timeout=None)
[2024-03-12 17:16:44,935][flwr][INFO] - Flower VCE: Ray initialized with resources: {'node:__internal_head__': 1.0, 'object_store_memory': 8155233484.0, 'node:127.0.0.1': 1.0, 'memory': 16310466971.0, 'CPU': 6.0, 'GPU': 1.0}
[2024-03-12 17:16:44,935][flwr][INFO] - Optimize your simulation with Flower VCE: https://flower.dev/docs/framework/how-to-run-simulations.html
[2024-03-12 17:16:44,935][flwr][INFO] - Flower VCE: Resources for each Virtual Client: {'num_cpus': 1, 'num_gpus': 1}
[2024-03-12 17:16:44,950][flwr][INFO] - Flower VCE: Creating VirtualClientEngineActorPool with 1 actors
[2024-03-12 17:16:44,950][flwr][INFO] - Initializing global parameters
[2024-03-12 17:16:44,958][flwr][INFO] - Requesting initial parameters from one random client
[2024-03-12 17:16:50,108][flwr][INFO] - Received initial parameters from one random client
[2024-03-12 17:16:50,108][flwr][INFO] - Evaluating initial parameters
[2024-03-12 17:18:03,200][flwr][INFO] - initial parameters (loss, other metrics): 0.02533080768585205, {'accuracy': 27.5390625}
[2024-03-12 17:18:03,200][flwr][INFO] - FL starting
[2024-03-12 17:18:03,200][flwr][DEBUG] - fit_round 1: strategy sampled 8 clients (out of 16)
[2024-03-12 17:35:49,476][flwr][DEBUG] - fit_round 1 received 8 results and 0 failures
[2024-03-12 17:37:01,214][flwr][INFO] - fit progress: (1, 0.021489665091037752, {'accuracy': 27.87109375}, 1138.0373878999962)
[2024-03-12 17:37:01,214][flwr][DEBUG] - evaluate_round 1: strategy sampled 8 clients (out of 16)
[2024-03-12 17:38:22,764][flwr][DEBUG] - evaluate_round 1 received 8 results and 0 failures
[2024-03-12 17:38:22,764][flwr][DEBUG] - fit_round 2: strategy sampled 8 clients (out of 16)
[2024-03-12 17:56:05,961][flwr][DEBUG] - fit_round 2 received 8 results and 0 failures
[2024-03-12 17:57:17,790][flwr][INFO] - fit progress: (2, 0.01907053345441818, {'accuracy': 51.5625}, 2354.630525799992)
[2024-03-12 17:57:17,790][flwr][DEBUG] - evaluate_round 2: strategy sampled 8 clients (out of 16)
[2024-03-12 17:58:37,661][flwr][DEBUG] - evaluate_round 2 received 8 results and 0 failures
[2024-03-12 17:58:37,661][flwr][INFO] - FL finished in 2434.4970889000106
[2024-03-12 17:58:37,671][flwr][INFO] - app_fit: losses_distributed [(1, 0.0726414660198821), (2, 0.06669666369756062)]
[2024-03-12 17:58:37,671][flwr][INFO] - app_fit: metrics_distributed_fit {'loss': [(1, 1.5382884931564331), (2, 1.280110273361206)], 'accuracy': [(1, 25.73464897155762), (2, 38.45723655700684)], 'mean_diff_acc': [(1, -0.023643085161845434), (2, 0.07243693987528399)], 'var_diff_acc': [(1, 4.600857774424372), (2, 37.61633749087841)]}
[2024-03-12 17:58:37,681][flwr][INFO] - app_fit: metrics_distributed {'loss': [(1, 0.0726414660198821), (2, 0.06669666369756062)], 'accuracy': [(1, 28.645832538604736), (2, 48.61110877990723)], 'mean_diff_acc': [(1, 0.0), (2, 0.0)], 'var_diff_acc': [(1, 186.60180162132542), (2, 90.6635773034759)]}
[2024-03-12 17:58:37,682][flwr][INFO] - app_fit: losses_centralized [(0, 0.02533080768585205), (1, 0.021489665091037752), (2, 0.01907053345441818)]
[2024-03-12 17:58:37,682][flwr][INFO] - app_fit: metrics_centralized {'accuracy': [(0, 27.5390625), (1, 27.87109375), (2, 51.5625)]}
