[2024-03-28 13:33:09,893][flwr][WARNING] - Both server and strategy were provided, ignoring strategy
[2024-03-28 13:33:09,893][flwr][INFO] - Starting Flower simulation, config: ServerConfig(num_rounds=1, round_timeout=None)
[2024-03-28 13:33:15,047][flwr][INFO] - Flower VCE: Ray initialized with resources: {'memory': 15221359412.0, 'object_store_memory': 7610679705.0, 'node:127.0.0.1': 1.0, 'CPU': 6.0, 'node:__internal_head__': 1.0, 'GPU': 1.0}
[2024-03-28 13:33:15,048][flwr][INFO] - Optimize your simulation with Flower VCE: https://flower.dev/docs/framework/how-to-run-simulations.html
[2024-03-28 13:33:15,049][flwr][INFO] - Flower VCE: Resources for each Virtual Client: {'num_cpus': 4, 'num_gpus': 1}
[2024-03-28 13:33:15,061][flwr][INFO] - Flower VCE: Creating VirtualClientEngineActorPool with 1 actors
[2024-03-28 13:33:15,062][flwr][INFO] - Initializing global parameters
[2024-03-28 13:33:15,063][flwr][INFO] - Requesting initial parameters from one random client
[2024-03-28 13:33:21,188][flwr][INFO] - Received initial parameters from one random client
[2024-03-28 13:33:21,189][flwr][INFO] - Evaluating initial parameters
[2024-03-28 13:33:43,368][flwr][INFO] - initial parameters (loss, other metrics): 0.04611404156684876, {'accuracy': 27.44140625}
[2024-03-28 13:33:43,368][flwr][INFO] - FL starting
[2024-03-28 13:33:43,369][flwr][DEBUG] - fit_round 1: strategy sampled 5 clients (out of 10)
[2024-03-28 13:34:30,025][flwr][DEBUG] - fit_round 1 received 5 results and 0 failures
[2024-03-28 13:34:43,312][flwr][INFO] - fit progress: (1, 0.033024650752544404, {'accuracy': 66.11328125}, 59.946173499993165)
[2024-03-28 13:34:43,313][flwr][DEBUG] - evaluate_round 1: strategy sampled 5 clients (out of 10)
[2024-03-28 13:35:19,988][flwr][DEBUG] - evaluate_round 1 received 5 results and 0 failures
[2024-03-28 13:35:19,995][flwr][INFO] - FL finished in 96.6311507000064
[2024-03-28 13:35:20,002][flwr][INFO] - app_fit: losses_distributed [(1, 0.034291707674662275)]
[2024-03-28 13:35:20,003][flwr][INFO] - app_fit: metrics_distributed_fit {'loss': [(1, 1.3515375852584839)], 'accuracy': [(1, 34.30555534362793)], 'mean_diff_acc': [(1, -7.105427357601002e-16)], 'var_diff_acc': [(1, 15.491740724006641)]}
[2024-03-28 13:35:20,004][flwr][INFO] - app_fit: metrics_distributed {'loss': [(1, 0.034291707674662275)], 'accuracy': [(1, 65.06410166422526)], 'mean_diff_acc': [(1, -1.4210854715202005e-15)], 'var_diff_acc': [(1, 4.509778659176087)]}
[2024-03-28 13:35:20,005][flwr][INFO] - app_fit: losses_centralized [(0, 0.04611404156684876), (1, 0.033024650752544404)]
[2024-03-28 13:35:20,005][flwr][INFO] - app_fit: metrics_centralized {'accuracy': [(0, 27.44140625), (1, 66.11328125)]}
