[2024-02-16 13:57:29,753][flwr][INFO] - Starting Flower simulation, config: ServerConfig(num_rounds=1, round_timeout=None)
[2024-02-16 13:57:36,777][flwr][INFO] - Flower VCE: Ray initialized with resources: {'CPU': 4.0, 'object_store_memory': 765657907.0, 'node:127.0.0.1': 1.0, 'memory': 1531315815.0, 'node:__internal_head__': 1.0}
[2024-02-16 13:57:36,779][flwr][INFO] - Optimize your simulation with Flower VCE: https://flower.dev/docs/framework/how-to-run-simulations.html
[2024-02-16 13:57:36,780][flwr][INFO] - Flower VCE: Resources for each Virtual Client: {'num_cpus': 2, 'num_gpus': 0.0}
[2024-02-16 13:57:36,804][flwr][INFO] - Flower VCE: Creating VirtualClientEngineActorPool with 2 actors
[2024-02-16 13:57:36,806][flwr][INFO] - Initializing global parameters
[2024-02-16 13:57:36,807][flwr][INFO] - Requesting initial parameters from one random client
[2024-02-16 13:57:45,821][flwr][INFO] - Received initial parameters from one random client
[2024-02-16 13:57:45,822][flwr][INFO] - Evaluating initial parameters
[2024-02-16 14:00:30,056][flwr][INFO] - initial parameters (loss, other metrics): 0.02367372465133667, {'accuracy': 19.23828125}
[2024-02-16 14:00:30,063][flwr][INFO] - FL starting
[2024-02-16 14:00:30,073][flwr][DEBUG] - fit_round 1: strategy sampled 10 clients (out of 100)
[2024-02-16 14:05:05,938][flwr][DEBUG] - fit_round 1 received 10 results and 0 failures
[2024-02-16 14:07:52,563][flwr][INFO] - fit progress: (1, 0.023384349822998047, {'accuracy': 24.04296875}, 442.4985547000251)
[2024-02-16 14:07:52,577][flwr][INFO] - evaluate_round 1: no clients selected, cancel
[2024-02-16 14:07:52,577][flwr][INFO] - FL finished in 442.51324920001207
[2024-02-16 14:07:52,641][flwr][INFO] - app_fit: losses_distributed []
[2024-02-16 14:07:52,643][flwr][INFO] - app_fit: metrics_distributed_fit {'loss': [(1, 1.4072459816932679)], 'accuracy': [(1, 29.629629039764403)], 'mean_diff_acc': [(1, 1.4210854715202005e-15)], 'var_diff_acc': [(1, 137.17420596317726)]}
[2024-02-16 14:07:52,645][flwr][INFO] - app_fit: metrics_distributed {}
[2024-02-16 14:07:52,645][flwr][INFO] - app_fit: losses_centralized [(0, 0.02367372465133667), (1, 0.023384349822998047)]
[2024-02-16 14:07:52,646][flwr][INFO] - app_fit: metrics_centralized {'accuracy': [(0, 19.23828125), (1, 24.04296875)]}
