[2024-04-07 15:20:41,249][flwr][WARNING] - Both server and strategy were provided, ignoring strategy
[2024-04-07 15:20:41,250][flwr][INFO] - Starting Flower simulation, config: ServerConfig(num_rounds=2, round_timeout=None)
[2024-04-07 15:20:44,942][flwr][INFO] - Flower VCE: Ray initialized with resources: {'GPU': 1.0, 'object_store_memory': 7999314739.0, 'memory': 15998629479.0, 'node:127.0.0.1': 1.0, 'node:__internal_head__': 1.0, 'CPU': 6.0}
[2024-04-07 15:20:44,942][flwr][INFO] - Optimize your simulation with Flower VCE: https://flower.dev/docs/framework/how-to-run-simulations.html
[2024-04-07 15:20:44,942][flwr][INFO] - Flower VCE: Resources for each Virtual Client: {'num_cpus': 4, 'num_gpus': 1}
[2024-04-07 15:20:44,942][flwr][INFO] - Flower VCE: Creating VirtualClientEngineActorPool with 1 actors
[2024-04-07 15:20:44,957][flwr][INFO] - Initializing global parameters
[2024-04-07 15:20:44,957][flwr][INFO] - Requesting initial parameters from one random client
[2024-04-07 15:20:50,844][flwr][INFO] - Received initial parameters from one random client
[2024-04-07 15:20:50,865][flwr][INFO] - Evaluating initial parameters
[2024-04-07 15:21:17,967][flwr][INFO] - initial parameters (loss, other metrics): 0.07605938720703125, {'accuracy': 5.379746835443038}
[2024-04-07 15:21:17,967][flwr][INFO] - FL starting
[2024-04-07 15:21:18,029][flwr][DEBUG] - fit_round 1: strategy sampled 10 clients (out of 10)
[2024-04-07 15:22:43,255][flwr][DEBUG] - fit_round 1 received 10 results and 0 failures
[2024-04-07 15:23:01,524][flwr][INFO] - fit progress: (1, 0.06887186279296875, {'accuracy': 22.90348101265823}, 103.61480930000005)
[2024-04-07 15:23:01,524][flwr][DEBUG] - evaluate_round 1: strategy sampled 10 clients (out of 10)
[2024-04-07 15:23:33,886][flwr][DEBUG] - evaluate_round 1 received 10 results and 0 failures
[2024-04-07 15:23:33,954][flwr][INFO] - Model saved with Best eval accuracy 21.979: 
[2024-04-07 15:23:34,016][flwr][DEBUG] - fit_round 2: strategy sampled 10 clients (out of 10)
[2024-04-07 15:24:51,480][flwr][DEBUG] - fit_round 2 received 10 results and 0 failures
[2024-04-07 15:25:09,886][flwr][INFO] - fit progress: (2, 0.05986365966796875, {'accuracy': 43.39398734177215}, 231.98964690000003)
[2024-04-07 15:25:09,886][flwr][DEBUG] - evaluate_round 2: strategy sampled 10 clients (out of 10)
[2024-04-07 15:25:39,980][flwr][DEBUG] - evaluate_round 2 received 10 results and 0 failures
[2024-04-07 15:25:40,047][flwr][INFO] - Model saved with Best eval accuracy 43.620: 
[2024-04-07 15:25:40,047][flwr][INFO] - FL finished in 262.1592249
[2024-04-07 15:25:40,083][flwr][INFO] - app_fit: losses_distributed [(1, 0.07295205749796296), (2, 0.06366409221085097)]
[2024-04-07 15:25:40,083][flwr][INFO] - app_fit: metrics_distributed_fit {'loss': [(1, 1.5609338013472756), (2, 1.56742879314831)], 'accuracy': [(1, 45.5089044296069), (2, 46.47850338620279)], 'mean_diff_acc': [(1, -0.23494419734205038), (2, -0.2922812201705092)], 'var_diff_acc': [(1, 65.11428519198351), (2, 69.02417052544604)]}
[2024-04-07 15:25:40,096][flwr][INFO] - app_fit: metrics_distributed {'loss': [(1, 0.07295205749796296), (2, 0.06366409221085097)], 'accuracy': [(1, 21.97920484788901), (2, 43.61980977231566)], 'mean_diff_acc': [(1, 0.2081023170827784), (2, 0.0639077381196536)], 'var_diff_acc': [(1, 108.25022485063796), (2, 205.06553786126588)]}
[2024-04-07 15:25:40,097][flwr][INFO] - app_fit: losses_centralized [(0, 0.07605938720703125), (1, 0.06887186279296875), (2, 0.05986365966796875)]
[2024-04-07 15:25:40,097][flwr][INFO] - app_fit: metrics_centralized {'accuracy': [(0, 5.379746835443038), (1, 22.90348101265823), (2, 43.39398734177215)]}
