[2024-02-08 15:10:30,641][flwr][INFO] - Starting Flower simulation, config: ServerConfig(num_rounds=8, round_timeout=None)
[2024-02-08 15:10:37,384][flwr][INFO] - Flower VCE: Ray initialized with resources: {'CPU': 4.0, 'node:__internal_head__': 1.0, 'object_store_memory': 774033408.0, 'node:127.0.0.1': 1.0, 'memory': 1548066816.0}
[2024-02-08 15:10:37,385][flwr][INFO] - Optimize your simulation with Flower VCE: https://flower.dev/docs/framework/how-to-run-simulations.html
[2024-02-08 15:10:37,386][flwr][INFO] - Flower VCE: Resources for each Virtual Client: {'num_cpus': 2, 'num_gpus': 0.0}
[2024-02-08 15:10:37,402][flwr][INFO] - Flower VCE: Creating VirtualClientEngineActorPool with 2 actors
[2024-02-08 15:10:37,403][flwr][INFO] - Initializing global parameters
[2024-02-08 15:10:37,404][flwr][INFO] - Requesting initial parameters from one random client
[2024-02-08 15:10:45,231][flwr][INFO] - Received initial parameters from one random client
[2024-02-08 15:10:45,232][flwr][INFO] - Evaluating initial parameters
[2024-02-08 15:11:28,042][flwr][INFO] - initial parameters (loss, other metrics): 0.024739651918411255, {'accuracy': 19.21875}
[2024-02-08 15:11:28,043][flwr][INFO] - FL starting
[2024-02-08 15:11:28,044][flwr][DEBUG] - fit_round 1: strategy sampled 10 clients (out of 100)
[2024-02-08 15:12:46,125][flwr][DEBUG] - fit_round 1 received 10 results and 0 failures
[2024-02-08 15:12:47,003][flwr][WARNING] - No fit_metrics_aggregation_fn provided
[2024-02-08 15:13:23,781][flwr][INFO] - fit progress: (1, 0.02293943476676941, {'accuracy': 28.61328125}, 115.73727909999434)
[2024-02-08 15:13:23,783][flwr][INFO] - evaluate_round 1: no clients selected, cancel
[2024-02-08 15:13:23,783][flwr][DEBUG] - fit_round 2: strategy sampled 10 clients (out of 100)
[2024-02-08 15:14:32,237][flwr][DEBUG] - fit_round 2 received 10 results and 0 failures
[2024-02-08 15:15:09,399][flwr][INFO] - fit progress: (2, 0.022042184472084045, {'accuracy': 32.36328125}, 221.35494049999397)
[2024-02-08 15:15:09,399][flwr][INFO] - evaluate_round 2: no clients selected, cancel
[2024-02-08 15:15:09,400][flwr][DEBUG] - fit_round 3: strategy sampled 10 clients (out of 100)
[2024-02-08 15:16:16,010][flwr][DEBUG] - fit_round 3 received 10 results and 0 failures
[2024-02-08 15:16:51,119][flwr][INFO] - fit progress: (3, 0.021209946930408476, {'accuracy': 36.484375}, 323.0749434999889)
[2024-02-08 15:16:51,120][flwr][INFO] - evaluate_round 3: no clients selected, cancel
[2024-02-08 15:16:51,121][flwr][DEBUG] - fit_round 4: strategy sampled 10 clients (out of 100)
[2024-02-08 15:17:58,249][flwr][DEBUG] - fit_round 4 received 10 results and 0 failures
[2024-02-08 15:18:32,984][flwr][INFO] - fit progress: (4, 0.02090094208717346, {'accuracy': 37.94921875}, 424.9404647999909)
[2024-02-08 15:18:32,985][flwr][INFO] - evaluate_round 4: no clients selected, cancel
[2024-02-08 15:18:32,985][flwr][DEBUG] - fit_round 5: strategy sampled 10 clients (out of 100)
[2024-02-08 15:19:39,903][flwr][DEBUG] - fit_round 5 received 10 results and 0 failures
[2024-02-08 15:20:14,591][flwr][INFO] - fit progress: (5, 0.019473662853240967, {'accuracy': 46.9140625}, 526.5474456000375)
[2024-02-08 15:20:14,592][flwr][INFO] - evaluate_round 5: no clients selected, cancel
[2024-02-08 15:20:14,592][flwr][DEBUG] - fit_round 6: strategy sampled 10 clients (out of 100)
[2024-02-08 15:21:20,636][flwr][DEBUG] - fit_round 6 received 10 results and 0 failures
[2024-02-08 15:21:55,315][flwr][INFO] - fit progress: (6, 0.01939478063583374, {'accuracy': 47.0703125}, 627.2715215999633)
[2024-02-08 15:21:55,316][flwr][INFO] - evaluate_round 6: no clients selected, cancel
[2024-02-08 15:21:55,317][flwr][DEBUG] - fit_round 7: strategy sampled 10 clients (out of 100)
[2024-02-08 15:23:00,531][flwr][DEBUG] - fit_round 7 received 10 results and 0 failures
[2024-02-08 15:23:35,282][flwr][INFO] - fit progress: (7, 0.018746048927307128, {'accuracy': 51.796875}, 727.2389355000341)
[2024-02-08 15:23:35,283][flwr][INFO] - evaluate_round 7: no clients selected, cancel
[2024-02-08 15:23:35,284][flwr][DEBUG] - fit_round 8: strategy sampled 10 clients (out of 100)
[2024-02-08 15:24:39,730][flwr][DEBUG] - fit_round 8 received 10 results and 0 failures
[2024-02-08 15:25:14,630][flwr][INFO] - fit progress: (8, 0.0177888503074646, {'accuracy': 58.06640625}, 826.5860982000595)
[2024-02-08 15:25:14,631][flwr][INFO] - evaluate_round 8: no clients selected, cancel
[2024-02-08 15:25:14,631][flwr][INFO] - FL finished in 826.5874054000014
[2024-02-08 15:25:14,673][flwr][INFO] - app_fit: losses_distributed []
[2024-02-08 15:25:14,674][flwr][INFO] - app_fit: metrics_distributed_fit {}
[2024-02-08 15:25:14,674][flwr][INFO] - app_fit: metrics_distributed {}
[2024-02-08 15:25:14,675][flwr][INFO] - app_fit: losses_centralized [(0, 0.024739651918411255), (1, 0.02293943476676941), (2, 0.022042184472084045), (3, 0.021209946930408476), (4, 0.02090094208717346), (5, 0.019473662853240967), (6, 0.01939478063583374), (7, 0.018746048927307128), (8, 0.0177888503074646)]
[2024-02-08 15:25:14,676][flwr][INFO] - app_fit: metrics_centralized {'accuracy': [(0, 19.21875), (1, 28.61328125), (2, 32.36328125), (3, 36.484375), (4, 37.94921875), (5, 46.9140625), (6, 47.0703125), (7, 51.796875), (8, 58.06640625)]}
