[2024-02-12 14:14:12,504][flwr][INFO] - Starting Flower simulation, config: ServerConfig(num_rounds=5, round_timeout=None)
[2024-02-12 14:14:18,658][flwr][INFO] - Flower VCE: Ray initialized with resources: {'CPU': 4.0, 'node:__internal_head__': 1.0, 'object_store_memory': 1015382016.0, 'memory': 2030764032.0, 'node:127.0.0.1': 1.0}
[2024-02-12 14:14:18,659][flwr][INFO] - Optimize your simulation with Flower VCE: https://flower.dev/docs/framework/how-to-run-simulations.html
[2024-02-12 14:14:18,660][flwr][INFO] - Flower VCE: Resources for each Virtual Client: {'num_cpus': 2, 'num_gpus': 0.0}
[2024-02-12 14:14:18,676][flwr][INFO] - Flower VCE: Creating VirtualClientEngineActorPool with 2 actors
[2024-02-12 14:14:18,677][flwr][INFO] - Initializing global parameters
[2024-02-12 14:14:18,677][flwr][INFO] - Requesting initial parameters from one random client
[2024-02-12 14:14:26,296][flwr][INFO] - Received initial parameters from one random client
[2024-02-12 14:14:26,297][flwr][INFO] - Evaluating initial parameters
[2024-02-12 14:15:14,584][flwr][INFO] - initial parameters (loss, other metrics): 0.025297191858291625, {'accuracy': 24.55078125}
[2024-02-12 14:15:14,585][flwr][INFO] - FL starting
[2024-02-12 14:15:14,586][flwr][DEBUG] - fit_round 1: strategy sampled 10 clients (out of 20)
[2024-02-12 14:18:21,293][flwr][DEBUG] - fit_round 1 received 10 results and 0 failures
[2024-02-12 14:18:22,338][flwr][WARNING] - No fit_metrics_aggregation_fn provided
[2024-02-12 14:19:09,270][flwr][INFO] - fit progress: (1, 0.022558175802230834, {'accuracy': 32.71484375}, 234.68562990007922)
[2024-02-12 14:19:09,272][flwr][INFO] - evaluate_round 1: no clients selected, cancel
[2024-02-12 14:19:09,274][flwr][DEBUG] - fit_round 2: strategy sampled 10 clients (out of 20)
[2024-02-12 14:21:54,010][flwr][DEBUG] - fit_round 2 received 10 results and 0 failures
[2024-02-12 14:22:43,785][flwr][INFO] - fit progress: (2, 0.019624753832817077, {'accuracy': 47.734375}, 449.199222400086)
[2024-02-12 14:22:43,785][flwr][INFO] - evaluate_round 2: no clients selected, cancel
[2024-02-12 14:22:43,787][flwr][DEBUG] - fit_round 3: strategy sampled 10 clients (out of 20)
[2024-02-12 14:25:49,336][flwr][DEBUG] - fit_round 3 received 10 results and 0 failures
[2024-02-12 14:26:39,959][flwr][INFO] - fit progress: (3, 0.019338030278682708, {'accuracy': 48.30078125}, 685.3738954999717)
[2024-02-12 14:26:39,960][flwr][INFO] - evaluate_round 3: no clients selected, cancel
[2024-02-12 14:26:39,961][flwr][DEBUG] - fit_round 4: strategy sampled 10 clients (out of 20)
[2024-02-12 14:29:42,520][flwr][DEBUG] - fit_round 4 received 10 results and 0 failures
[2024-02-12 14:30:35,562][flwr][INFO] - fit progress: (4, 0.01644501179456711, {'accuracy': 62.48046875}, 920.9770775000798)
[2024-02-12 14:30:35,564][flwr][INFO] - evaluate_round 4: no clients selected, cancel
[2024-02-12 14:30:35,571][flwr][DEBUG] - fit_round 5: strategy sampled 10 clients (out of 20)
[2024-02-12 14:33:38,084][flwr][DEBUG] - fit_round 5 received 10 results and 0 failures
[2024-02-12 14:34:34,918][flwr][INFO] - fit progress: (5, 0.015316473454236984, {'accuracy': 67.20703125}, 1160.3328771999804)
[2024-02-12 14:34:34,919][flwr][INFO] - evaluate_round 5: no clients selected, cancel
[2024-02-12 14:34:34,920][flwr][INFO] - FL finished in 1160.3342289000284
[2024-02-12 14:34:34,967][flwr][INFO] - app_fit: losses_distributed []
[2024-02-12 14:34:34,968][flwr][INFO] - app_fit: metrics_distributed_fit {}
[2024-02-12 14:34:34,968][flwr][INFO] - app_fit: metrics_distributed {}
[2024-02-12 14:34:34,969][flwr][INFO] - app_fit: losses_centralized [(0, 0.025297191858291625), (1, 0.022558175802230834), (2, 0.019624753832817077), (3, 0.019338030278682708), (4, 0.01644501179456711), (5, 0.015316473454236984)]
[2024-02-12 14:34:34,970][flwr][INFO] - app_fit: metrics_centralized {'accuracy': [(0, 24.55078125), (1, 32.71484375), (2, 47.734375), (3, 48.30078125), (4, 62.48046875), (5, 67.20703125)]}
