[2024-02-14 11:32:13,750][flwr][INFO] - Starting Flower simulation, config: ServerConfig(num_rounds=2, round_timeout=None)
[2024-02-14 11:32:21,060][flwr][INFO] - Flower VCE: Ray initialized with resources: {'node:__internal_head__': 1.0, 'memory': 2313134900.0, 'object_store_memory': 1156567449.0, 'node:127.0.0.1': 1.0, 'CPU': 4.0}
[2024-02-14 11:32:21,061][flwr][INFO] - Optimize your simulation with Flower VCE: https://flower.dev/docs/framework/how-to-run-simulations.html
[2024-02-14 11:32:21,062][flwr][INFO] - Flower VCE: Resources for each Virtual Client: {'num_cpus': 2, 'num_gpus': 0.0}
[2024-02-14 11:32:21,078][flwr][INFO] - Flower VCE: Creating VirtualClientEngineActorPool with 2 actors
[2024-02-14 11:32:21,079][flwr][INFO] - Initializing global parameters
[2024-02-14 11:32:21,080][flwr][INFO] - Requesting initial parameters from one random client
[2024-02-14 11:32:29,278][flwr][INFO] - Received initial parameters from one random client
[2024-02-14 11:32:29,279][flwr][INFO] - Evaluating initial parameters
[2024-02-14 11:35:08,679][flwr][INFO] - initial parameters (loss, other metrics): 0.0217947193980217, {'accuracy': 31.77734375}
[2024-02-14 11:35:08,680][flwr][INFO] - FL starting
[2024-02-14 11:35:08,680][flwr][DEBUG] - fit_round 1: strategy sampled 10 clients (out of 100)
[2024-02-14 11:40:23,794][flwr][DEBUG] - fit_round 1 received 10 results and 0 failures
[2024-02-14 11:40:27,411][flwr][ERROR] - get_metrics_aggregation_fn() takes 0 positional arguments but 1 was given
[2024-02-14 11:40:27,490][flwr][ERROR] - Traceback (most recent call last):
  File "C:\Users\Stavros\miniconda3\envs\pyt_pg\Lib\site-packages\flwr\simulation\app.py", line 308, in start_simulation
    hist = run_fl(
           ^^^^^^^
  File "C:\Users\Stavros\miniconda3\envs\pyt_pg\Lib\site-packages\flwr\server\app.py", line 225, in run_fl
    hist = server.fit(num_rounds=config.num_rounds, timeout=config.round_timeout)
           ^^^^^^^^^^^^^^^^^^^^^^^^^^^^^^^^^^^^^^^^^^^^^^^^^^^^^^^^^^^^^^^^^^^^^^
  File "C:\Users\Stavros\miniconda3\envs\pyt_pg\Lib\site-packages\flwr\server\server.py", line 109, in fit
    res_fit = self.fit_round(
              ^^^^^^^^^^^^^^^
  File "C:\Users\Stavros\miniconda3\envs\pyt_pg\Lib\site-packages\flwr\server\server.py", line 248, in fit_round
    ] = self.strategy.aggregate_fit(server_round, results, failures)
        ^^^^^^^^^^^^^^^^^^^^^^^^^^^^^^^^^^^^^^^^^^^^^^^^^^^^^^^^^^^^
  File "C:\Users\Stavros\miniconda3\envs\pyt_pg\Lib\site-packages\flwr\server\strategy\fedavg.py", line 248, in aggregate_fit
    metrics_aggregated = self.fit_metrics_aggregation_fn(fit_metrics)
                         ^^^^^^^^^^^^^^^^^^^^^^^^^^^^^^^^^^^^^^^^^^^^
TypeError: get_metrics_aggregation_fn() takes 0 positional arguments but 1 was given

[2024-02-14 11:40:27,498][flwr][ERROR] - Your simulation crashed :(. This could be because of several reasons. The most common are: 
	 > Sometimes, issues in the simulation code itself can cause crashes. It's always a good idea to double-check your code for any potential bugs or inconsistencies that might be contributing to the problem. For example: 
		 - You might be using a class attribute in your clients that hasn't been defined.
		 - There could be an incorrect method call to a 3rd party library (e.g., PyTorch).
		 - The return types of methods in your clients/strategies might be incorrect.
	 > Your system couldn't fit a single VirtualClient: try lowering `client_resources`.
	 > All the actors in your pool crashed. This could be because: 
		 - You clients hit an out-of-memory (OOM) error and actors couldn't recover from it. Try launching your simulation with more generous `client_resources` setting (i.e. it seems {'num_cpus': 2, 'num_gpus': 0.0} is not enough for your run). Use fewer concurrent actors. 
		 - You were running a multi-node simulation and all worker nodes disconnected. The head node might still be alive but cannot accommodate any actor with resources: {'num_cpus': 2, 'num_gpus': 0.0}.
Take a look at the Flower simulation examples for guidance <https://flower.dev/docs/framework/how-to-run-simulations.html>.
