[2024-02-12 10:43:25,958][flwr][INFO] - Starting Flower simulation, config: ServerConfig(num_rounds=5, round_timeout=None)
[2024-02-12 10:43:32,740][flwr][INFO] - Flower VCE: Ray initialized with resources: {'memory': 1711199847.0, 'node:127.0.0.1': 1.0, 'object_store_memory': 855599923.0, 'CPU': 4.0, 'node:__internal_head__': 1.0}
[2024-02-12 10:43:32,741][flwr][INFO] - Optimize your simulation with Flower VCE: https://flower.dev/docs/framework/how-to-run-simulations.html
[2024-02-12 10:43:32,742][flwr][INFO] - Flower VCE: Resources for each Virtual Client: {'num_cpus': 2, 'num_gpus': 0.0}
[2024-02-12 10:43:32,761][flwr][INFO] - Flower VCE: Creating VirtualClientEngineActorPool with 2 actors
[2024-02-12 10:43:32,762][flwr][INFO] - Initializing global parameters
[2024-02-12 10:43:32,763][flwr][INFO] - Requesting initial parameters from one random client
[2024-02-12 10:43:40,503][flwr][INFO] - Received initial parameters from one random client
[2024-02-12 10:43:40,504][flwr][INFO] - Evaluating initial parameters
[2024-02-12 10:44:25,177][flwr][INFO] - initial parameters (loss, other metrics): 0.026119856357574463, {'accuracy': 24.86328125}
[2024-02-12 10:44:25,178][flwr][INFO] - FL starting
[2024-02-12 10:44:25,179][flwr][DEBUG] - fit_round 1: strategy sampled 10 clients (out of 20)
[2024-02-12 10:48:04,992][flwr][DEBUG] - fit_round 1 received 10 results and 0 failures
[2024-02-12 10:48:09,223][flwr][WARNING] - No fit_metrics_aggregation_fn provided
[2024-02-12 10:48:49,688][flwr][INFO] - fit progress: (1, 0.02030580547451973, {'accuracy': 37.1484375}, 264.5103538999101)
[2024-02-12 10:48:49,690][flwr][INFO] - evaluate_round 1: no clients selected, cancel
[2024-02-12 10:48:49,692][flwr][DEBUG] - fit_round 2: strategy sampled 10 clients (out of 20)
[2024-02-12 10:51:47,838][flwr][DEBUG] - fit_round 2 received 10 results and 0 failures
[2024-02-12 10:52:29,318][flwr][INFO] - fit progress: (2, 0.017477509617805483, {'accuracy': 57.91015625}, 484.13953249994665)
[2024-02-12 10:52:29,320][flwr][INFO] - evaluate_round 2: no clients selected, cancel
[2024-02-12 10:52:29,326][flwr][DEBUG] - fit_round 3: strategy sampled 10 clients (out of 20)
[2024-02-12 10:55:52,987][flwr][DEBUG] - fit_round 3 received 10 results and 0 failures
[2024-02-12 10:56:36,070][flwr][INFO] - fit progress: (3, 0.017481233656406404, {'accuracy': 58.06640625}, 730.8919402000029)
[2024-02-12 10:56:36,072][flwr][INFO] - evaluate_round 3: no clients selected, cancel
[2024-02-12 10:56:36,074][flwr][DEBUG] - fit_round 4: strategy sampled 10 clients (out of 20)
[2024-02-12 10:59:24,193][flwr][DEBUG] - fit_round 4 received 10 results and 0 failures
[2024-02-12 11:00:03,922][flwr][INFO] - fit progress: (4, 0.014671943932771683, {'accuracy': 65.72265625}, 938.7428111999761)
[2024-02-12 11:00:03,923][flwr][INFO] - evaluate_round 4: no clients selected, cancel
[2024-02-12 11:00:03,924][flwr][DEBUG] - fit_round 5: strategy sampled 10 clients (out of 20)
[2024-02-12 11:03:02,238][flwr][DEBUG] - fit_round 5 received 10 results and 0 failures
[2024-02-12 11:03:44,771][flwr][INFO] - fit progress: (5, 0.012895070284605027, {'accuracy': 70.44921875}, 1159.5922514999984)
[2024-02-12 11:03:44,772][flwr][INFO] - evaluate_round 5: no clients selected, cancel
[2024-02-12 11:03:44,773][flwr][INFO] - FL finished in 1159.594493099954
[2024-02-12 11:03:44,817][flwr][INFO] - app_fit: losses_distributed []
[2024-02-12 11:03:44,819][flwr][INFO] - app_fit: metrics_distributed_fit {}
[2024-02-12 11:03:44,819][flwr][INFO] - app_fit: metrics_distributed {}
[2024-02-12 11:03:44,819][flwr][INFO] - app_fit: losses_centralized [(0, 0.026119856357574463), (1, 0.02030580547451973), (2, 0.017477509617805483), (3, 0.017481233656406404), (4, 0.014671943932771683), (5, 0.012895070284605027)]
[2024-02-12 11:03:44,820][flwr][INFO] - app_fit: metrics_centralized {'accuracy': [(0, 24.86328125), (1, 37.1484375), (2, 57.91015625), (3, 58.06640625), (4, 65.72265625), (5, 70.44921875)]}
