[2024-02-06 14:33:48,671][flwr][INFO] - Starting Flower simulation, config: ServerConfig(num_rounds=3, round_timeout=None)
[2024-02-06 14:33:54,970][flwr][INFO] - Flower VCE: Ray initialized with resources: {'object_store_memory': 925341696.0, 'memory': 1850683392.0, 'node:127.0.0.1': 1.0, 'node:__internal_head__': 1.0, 'CPU': 4.0}
[2024-02-06 14:33:54,971][flwr][INFO] - Optimize your simulation with Flower VCE: https://flower.dev/docs/framework/how-to-run-simulations.html
[2024-02-06 14:33:54,972][flwr][INFO] - Flower VCE: Resources for each Virtual Client: {'num_cpus': 2, 'num_gpus': 0.0}
[2024-02-06 14:33:54,986][flwr][INFO] - Flower VCE: Creating VirtualClientEngineActorPool with 2 actors
[2024-02-06 14:33:54,987][flwr][INFO] - Initializing global parameters
[2024-02-06 14:33:54,988][flwr][INFO] - Requesting initial parameters from one random client
[2024-02-06 14:34:00,615][flwr][INFO] - Received initial parameters from one random client
[2024-02-06 14:34:00,616][flwr][INFO] - Evaluating initial parameters
[2024-02-06 14:34:03,144][flwr][INFO] - initial parameters (loss, other metrics): 0.018196796607971192, {'accuracy': 0.1033}
[2024-02-06 14:34:03,145][flwr][INFO] - FL starting
[2024-02-06 14:34:03,146][flwr][DEBUG] - fit_round 1: strategy sampled 10 clients (out of 100)
[2024-02-06 14:34:42,834][flwr][DEBUG] - fit_round 1 received 10 results and 0 failures
[2024-02-06 14:34:42,845][flwr][WARNING] - No fit_metrics_aggregation_fn provided
[2024-02-06 14:34:45,506][flwr][INFO] - fit progress: (1, 0.01748429400920868, {'accuracy': 0.3459}, 42.36036710004555)
[2024-02-06 14:34:45,506][flwr][INFO] - evaluate_round 1: no clients selected, cancel
[2024-02-06 14:34:45,507][flwr][DEBUG] - fit_round 2: strategy sampled 10 clients (out of 100)
[2024-02-06 14:35:20,420][flwr][DEBUG] - fit_round 2 received 10 results and 0 failures
[2024-02-06 14:35:23,248][flwr][INFO] - fit progress: (2, 0.010836699271202087, {'accuracy': 0.6383}, 80.1027854999993)
[2024-02-06 14:35:23,249][flwr][INFO] - evaluate_round 2: no clients selected, cancel
[2024-02-06 14:35:23,250][flwr][DEBUG] - fit_round 3: strategy sampled 10 clients (out of 100)
[2024-02-06 14:35:56,992][flwr][DEBUG] - fit_round 3 received 10 results and 0 failures
[2024-02-06 14:35:59,387][flwr][INFO] - fit progress: (3, 0.006166300866007805, {'accuracy': 0.7577}, 116.24121880001621)
[2024-02-06 14:35:59,387][flwr][INFO] - evaluate_round 3: no clients selected, cancel
[2024-02-06 14:35:59,388][flwr][INFO] - FL finished in 116.24233910004841
[2024-02-06 14:35:59,388][flwr][INFO] - app_fit: losses_distributed []
[2024-02-06 14:35:59,389][flwr][INFO] - app_fit: metrics_distributed_fit {}
[2024-02-06 14:35:59,389][flwr][INFO] - app_fit: metrics_distributed {}
[2024-02-06 14:35:59,390][flwr][INFO] - app_fit: losses_centralized [(0, 0.018196796607971192), (1, 0.01748429400920868), (2, 0.010836699271202087), (3, 0.006166300866007805)]
[2024-02-06 14:35:59,390][flwr][INFO] - app_fit: metrics_centralized {'accuracy': [(0, 0.1033), (1, 0.3459), (2, 0.6383), (3, 0.7577)]}
