[2024-02-10 17:37:26,354][flwr][INFO] - Starting Flower simulation, config: ServerConfig(num_rounds=5, round_timeout=None)
[2024-02-10 17:37:33,023][flwr][INFO] - Flower VCE: Ray initialized with resources: {'node:127.0.0.1': 1.0, 'memory': 1525926299.0, 'object_store_memory': 762963148.0, 'node:__internal_head__': 1.0, 'CPU': 4.0}
[2024-02-10 17:37:33,024][flwr][INFO] - Optimize your simulation with Flower VCE: https://flower.dev/docs/framework/how-to-run-simulations.html
[2024-02-10 17:37:33,025][flwr][INFO] - Flower VCE: Resources for each Virtual Client: {'num_cpus': 2, 'num_gpus': 0.0}
[2024-02-10 17:37:33,045][flwr][INFO] - Flower VCE: Creating VirtualClientEngineActorPool with 2 actors
[2024-02-10 17:37:33,046][flwr][INFO] - Initializing global parameters
[2024-02-10 17:37:33,047][flwr][INFO] - Requesting initial parameters from one random client
[2024-02-10 17:37:43,501][flwr][INFO] - Received initial parameters from one random client
[2024-02-10 17:37:43,502][flwr][INFO] - Evaluating initial parameters
[2024-02-10 17:38:26,370][flwr][INFO] - initial parameters (loss, other metrics): 0.02426221430301666, {'accuracy': 16.796875}
[2024-02-10 17:38:26,371][flwr][INFO] - FL starting
[2024-02-10 17:38:26,373][flwr][DEBUG] - fit_round 1: strategy sampled 10 clients (out of 100)
[2024-02-10 17:39:58,589][flwr][DEBUG] - fit_round 1 received 10 results and 0 failures
[2024-02-10 17:39:59,689][flwr][WARNING] - No fit_metrics_aggregation_fn provided
[2024-02-10 17:40:42,429][flwr][INFO] - fit progress: (1, 0.02308102858066559, {'accuracy': 21.89453125}, 136.0561124999076)
[2024-02-10 17:40:42,431][flwr][INFO] - evaluate_round 1: no clients selected, cancel
[2024-02-10 17:40:42,432][flwr][DEBUG] - fit_round 2: strategy sampled 10 clients (out of 100)
[2024-02-10 17:42:06,047][flwr][DEBUG] - fit_round 2 received 10 results and 0 failures
[2024-02-10 17:42:53,500][flwr][INFO] - fit progress: (2, 0.022887741565704344, {'accuracy': 22.578125}, 267.12846909998916)
[2024-02-10 17:42:53,501][flwr][INFO] - evaluate_round 2: no clients selected, cancel
[2024-02-10 17:42:53,504][flwr][DEBUG] - fit_round 3: strategy sampled 10 clients (out of 100)
[2024-02-10 17:44:14,665][flwr][DEBUG] - fit_round 3 received 10 results and 0 failures
[2024-02-10 17:44:53,806][flwr][INFO] - fit progress: (3, 0.022783327102661132, {'accuracy': 24.04296875}, 387.43450609990396)
[2024-02-10 17:44:53,807][flwr][INFO] - evaluate_round 3: no clients selected, cancel
[2024-02-10 17:44:53,808][flwr][DEBUG] - fit_round 4: strategy sampled 10 clients (out of 100)
[2024-02-10 17:46:06,021][flwr][DEBUG] - fit_round 4 received 10 results and 0 failures
[2024-02-10 17:46:51,371][flwr][INFO] - fit progress: (4, 0.021849941849708558, {'accuracy': 31.34765625}, 504.9990004999563)
[2024-02-10 17:46:51,372][flwr][INFO] - evaluate_round 4: no clients selected, cancel
[2024-02-10 17:46:51,373][flwr][DEBUG] - fit_round 5: strategy sampled 10 clients (out of 100)
[2024-02-10 17:48:13,496][flwr][DEBUG] - fit_round 5 received 10 results and 0 failures
[2024-02-10 17:48:52,985][flwr][INFO] - fit progress: (5, 0.020662797272205352, {'accuracy': 36.38671875}, 626.6130202999339)
[2024-02-10 17:48:52,986][flwr][INFO] - evaluate_round 5: no clients selected, cancel
[2024-02-10 17:48:52,987][flwr][INFO] - FL finished in 626.6148014999926
[2024-02-10 17:48:53,034][flwr][INFO] - app_fit: losses_distributed []
[2024-02-10 17:48:53,035][flwr][INFO] - app_fit: metrics_distributed_fit {}
[2024-02-10 17:48:53,035][flwr][INFO] - app_fit: metrics_distributed {}
[2024-02-10 17:48:53,035][flwr][INFO] - app_fit: losses_centralized [(0, 0.02426221430301666), (1, 0.02308102858066559), (2, 0.022887741565704344), (3, 0.022783327102661132), (4, 0.021849941849708558), (5, 0.020662797272205352)]
[2024-02-10 17:48:53,036][flwr][INFO] - app_fit: metrics_centralized {'accuracy': [(0, 16.796875), (1, 21.89453125), (2, 22.578125), (3, 24.04296875), (4, 31.34765625), (5, 36.38671875)]}
