[2024-02-13 12:31:37,275][flwr][INFO] - Starting Flower simulation, config: ServerConfig(num_rounds=2, round_timeout=None)
[2024-02-13 12:31:43,822][flwr][INFO] - Flower VCE: Ray initialized with resources: {'node:__internal_head__': 1.0, 'memory': 1589300430.0, 'node:127.0.0.1': 1.0, 'object_store_memory': 794650214.0, 'CPU': 4.0}
[2024-02-13 12:31:43,823][flwr][INFO] - Optimize your simulation with Flower VCE: https://flower.dev/docs/framework/how-to-run-simulations.html
[2024-02-13 12:31:43,824][flwr][INFO] - Flower VCE: Resources for each Virtual Client: {'num_cpus': 2, 'num_gpus': 0.0}
[2024-02-13 12:31:43,838][flwr][INFO] - Flower VCE: Creating VirtualClientEngineActorPool with 2 actors
[2024-02-13 12:31:43,839][flwr][INFO] - Initializing global parameters
[2024-02-13 12:31:43,840][flwr][INFO] - Requesting initial parameters from one random client
[2024-02-13 12:31:52,352][flwr][INFO] - Received initial parameters from one random client
[2024-02-13 12:31:52,353][flwr][INFO] - Evaluating initial parameters
[2024-02-13 12:34:39,412][flwr][INFO] - initial parameters (loss, other metrics): 0.024226591408252715, {'accuracy': 24.765625}
[2024-02-13 12:34:39,416][flwr][INFO] - FL starting
[2024-02-13 12:34:39,427][flwr][DEBUG] - fit_round 1: strategy sampled 10 clients (out of 100)
[2024-02-13 12:39:26,708][flwr][DEBUG] - fit_round 1 received 10 results and 0 failures
[2024-02-13 12:39:30,766][flwr][WARNING] - No fit_metrics_aggregation_fn provided
[2024-02-13 12:42:13,613][flwr][INFO] - fit progress: (1, 0.024042644679546355, {'accuracy': 24.86328125}, 454.1966057000682)
[2024-02-13 12:42:13,616][flwr][INFO] - evaluate_round 1: no clients selected, cancel
[2024-02-13 12:42:13,616][flwr][DEBUG] - fit_round 2: strategy sampled 10 clients (out of 100)
[2024-02-13 12:46:41,406][flwr][DEBUG] - fit_round 2 received 10 results and 0 failures
[2024-02-13 12:49:23,539][flwr][INFO] - fit progress: (2, 0.022005958795547485, {'accuracy': 31.89453125}, 884.1271341999527)
[2024-02-13 12:49:23,539][flwr][INFO] - evaluate_round 2: no clients selected, cancel
[2024-02-13 12:49:23,539][flwr][INFO] - FL finished in 884.1301333999727
[2024-02-13 12:49:23,622][flwr][INFO] - app_fit: losses_distributed []
[2024-02-13 12:49:23,630][flwr][INFO] - app_fit: metrics_distributed_fit {}
[2024-02-13 12:49:23,630][flwr][INFO] - app_fit: metrics_distributed {}
[2024-02-13 12:49:23,630][flwr][INFO] - app_fit: losses_centralized [(0, 0.024226591408252715), (1, 0.024042644679546355), (2, 0.022005958795547485)]
[2024-02-13 12:49:23,630][flwr][INFO] - app_fit: metrics_centralized {'accuracy': [(0, 24.765625), (1, 24.86328125), (2, 31.89453125)]}
