[2024-03-13 13:52:12,936][flwr][WARNING] - Both server and strategy were provided, ignoring strategy
[2024-03-13 13:52:12,937][flwr][INFO] - Starting Flower simulation, config: ServerConfig(num_rounds=1, round_timeout=None)
[2024-03-13 13:52:16,326][flwr][INFO] - Flower VCE: Ray initialized with resources: {'GPU': 1.0, 'object_store_memory': 7770879590.0, 'memory': 15541759182.0, 'node:127.0.0.1': 1.0, 'node:__internal_head__': 1.0, 'CPU': 6.0}
[2024-03-13 13:52:16,327][flwr][INFO] - Optimize your simulation with Flower VCE: https://flower.dev/docs/framework/how-to-run-simulations.html
[2024-03-13 13:52:16,327][flwr][INFO] - Flower VCE: Resources for each Virtual Client: {'num_cpus': 1, 'num_gpus': 1}
[2024-03-13 13:52:16,336][flwr][INFO] - Flower VCE: Creating VirtualClientEngineActorPool with 1 actors
[2024-03-13 13:52:16,337][flwr][INFO] - Initializing global parameters
[2024-03-13 13:52:16,338][flwr][INFO] - Requesting initial parameters from one random client
[2024-03-13 13:52:21,325][flwr][INFO] - Received initial parameters from one random client
[2024-03-13 13:52:21,326][flwr][INFO] - Evaluating initial parameters
[2024-03-13 13:52:35,750][flwr][INFO] - initial parameters (loss, other metrics): 0.02288550853729248, {'accuracy': 21.30859375}
[2024-03-13 13:52:35,750][flwr][INFO] - FL starting
[2024-03-13 13:52:35,751][flwr][DEBUG] - fit_round 1: strategy sampled 8 clients (out of 16)
[2024-03-13 13:56:36,920][flwr][DEBUG] - fit_round 1 received 8 results and 0 failures
[2024-03-13 13:56:49,117][flwr][INFO] - fit progress: (1, 0.02133290898799896, {'accuracy': 30.56640625}, 253.38810660000308)
[2024-03-13 13:56:49,118][flwr][DEBUG] - evaluate_round 1: strategy sampled 8 clients (out of 16)
[2024-03-13 13:57:42,473][flwr][DEBUG] - evaluate_round 1 received 8 results and 0 failures
[2024-03-13 13:57:42,474][flwr][INFO] - FL finished in 306.7509868999987
[2024-03-13 13:57:42,483][flwr][INFO] - app_fit: losses_distributed [(1, 0.07482395486699212)]
[2024-03-13 13:57:42,484][flwr][INFO] - app_fit: metrics_distributed_fit {'loss': [(1, 1.3962392711639404)], 'accuracy': [(1, 28.521929512023927)], 'mean_diff_acc': [(1, -0.20590047995249616)], 'var_diff_acc': [(1, 24.29834479559893)]}
[2024-03-13 13:57:42,485][flwr][INFO] - app_fit: metrics_distributed {'loss': [(1, 0.0748239548669921)], 'accuracy': [(1, 29.861109495162964)], 'mean_diff_acc': [(1, 0.0)], 'var_diff_acc': [(1, 92.11032386915298)]}
[2024-03-13 13:57:42,486][flwr][INFO] - app_fit: losses_centralized [(0, 0.02288550853729248), (1, 0.02133290898799896)]
[2024-03-13 13:57:42,486][flwr][INFO] - app_fit: metrics_centralized {'accuracy': [(0, 21.30859375), (1, 30.56640625)]}
