[2024-02-14 12:08:26,570][flwr][INFO] - Starting Flower simulation, config: ServerConfig(num_rounds=2, round_timeout=None)
[2024-02-14 12:08:33,168][flwr][INFO] - Flower VCE: Ray initialized with resources: {'node:__internal_head__': 1.0, 'object_store_memory': 804752179.0, 'node:127.0.0.1': 1.0, 'memory': 1609504359.0, 'CPU': 4.0}
[2024-02-14 12:08:33,169][flwr][INFO] - Optimize your simulation with Flower VCE: https://flower.dev/docs/framework/how-to-run-simulations.html
[2024-02-14 12:08:33,170][flwr][INFO] - Flower VCE: Resources for each Virtual Client: {'num_cpus': 2, 'num_gpus': 0.0}
[2024-02-14 12:08:33,185][flwr][INFO] - Flower VCE: Creating VirtualClientEngineActorPool with 2 actors
[2024-02-14 12:08:33,187][flwr][INFO] - Initializing global parameters
[2024-02-14 12:08:33,187][flwr][INFO] - Requesting initial parameters from one random client
[2024-02-14 12:08:40,944][flwr][INFO] - Received initial parameters from one random client
[2024-02-14 12:08:40,945][flwr][INFO] - Evaluating initial parameters
[2024-02-14 12:11:25,651][flwr][INFO] - initial parameters (loss, other metrics): 0.023031832933425905, {'accuracy': 23.4765625}
[2024-02-14 12:11:25,656][flwr][INFO] - FL starting
[2024-02-14 12:11:25,668][flwr][DEBUG] - fit_round 1: strategy sampled 4 clients (out of 100)
[2024-02-14 12:13:14,417][flwr][DEBUG] - fit_round 1 received 4 results and 0 failures
[2024-02-14 12:15:54,866][flwr][INFO] - fit progress: (1, 0.02294811236858368, {'accuracy': 25.078125}, 269.2094918000512)
[2024-02-14 12:15:54,869][flwr][INFO] - evaluate_round 1: no clients selected, cancel
[2024-02-14 12:15:54,871][flwr][DEBUG] - fit_round 2: strategy sampled 4 clients (out of 100)
[2024-02-14 12:17:46,705][flwr][DEBUG] - fit_round 2 received 4 results and 0 failures
[2024-02-14 12:20:36,530][flwr][INFO] - fit progress: (2, 0.02290275686979294, {'accuracy': 28.9453125}, 550.8724652999081)
[2024-02-14 12:20:36,531][flwr][INFO] - evaluate_round 2: no clients selected, cancel
[2024-02-14 12:20:36,531][flwr][INFO] - FL finished in 550.8739114000928
[2024-02-14 12:20:36,547][flwr][INFO] - app_fit: losses_distributed []
[2024-02-14 12:20:36,547][flwr][INFO] - app_fit: metrics_distributed_fit {'loss': [(1, 1.6006311774253845), (2, 1.5133113265037537)], 'accuracy': [(1, 23.148147583007812), (2, 19.444444179534912)], 'mean_diff_acc': [(1, 0.0), (2, 0.0)], 'var_diff_acc': [(1, 16.289436931636374), (2, 23.148149031180083)]}
[2024-02-14 12:20:36,550][flwr][INFO] - app_fit: metrics_distributed {}
[2024-02-14 12:20:36,551][flwr][INFO] - app_fit: losses_centralized [(0, 0.023031832933425905), (1, 0.02294811236858368), (2, 0.02290275686979294)]
[2024-02-14 12:20:36,551][flwr][INFO] - app_fit: metrics_centralized {'accuracy': [(0, 23.4765625), (1, 25.078125), (2, 28.9453125)]}
