[2024-02-27 14:48:48,302][flwr][WARNING] - Both server and strategy were provided, ignoring strategy
[2024-02-27 14:48:48,303][flwr][INFO] - Starting Flower simulation, config: ServerConfig(num_rounds=1, round_timeout=None)
[2024-02-27 14:48:54,913][flwr][INFO] - Flower VCE: Ray initialized with resources: {'object_store_memory': 1397672755.0, 'memory': 2795345511.0, 'node:127.0.0.1': 1.0, 'CPU': 4.0, 'node:__internal_head__': 1.0}
[2024-02-27 14:48:54,914][flwr][INFO] - Optimize your simulation with Flower VCE: https://flower.dev/docs/framework/how-to-run-simulations.html
[2024-02-27 14:48:54,915][flwr][INFO] - Flower VCE: Resources for each Virtual Client: {'num_cpus': 4, 'num_gpus': 0.0}
[2024-02-27 14:48:54,928][flwr][INFO] - Flower VCE: Creating VirtualClientEngineActorPool with 1 actors
[2024-02-27 14:48:54,930][flwr][INFO] - Initializing global parameters
[2024-02-27 14:48:54,931][flwr][INFO] - Requesting initial parameters from one random client
[2024-02-27 14:49:02,610][flwr][INFO] - Received initial parameters from one random client
[2024-02-27 14:49:02,611][flwr][INFO] - Evaluating initial parameters
[2024-02-27 14:51:40,187][flwr][INFO] - initial parameters (loss, other metrics): 0.02373907542228699, {'accuracy': 26.3671875}
[2024-02-27 14:51:40,190][flwr][INFO] - FL starting
[2024-02-27 14:51:40,192][flwr][DEBUG] - fit_round 1: strategy sampled 2 clients (out of 50)
[2024-02-27 14:54:22,359][flwr][DEBUG] - fit_round 1 received 2 results and 0 failures
[2024-02-27 14:57:11,519][flwr][INFO] - fit progress: (1, 0.038022672578692435, {'accuracy': 26.7578125}, 331.32799890008755)
[2024-02-27 14:57:11,522][flwr][INFO] - evaluate_round 1: no clients selected, cancel
[2024-02-27 14:57:11,523][flwr][INFO] - FL finished in 331.332142499974
[2024-02-27 14:57:11,562][flwr][INFO] - app_fit: losses_distributed []
[2024-02-27 14:57:11,564][flwr][INFO] - app_fit: metrics_distributed_fit {'loss': [(1, 1.288407802581787)], 'accuracy': [(1, 44.348958015441895)], 'mean_diff_acc': [(1, -5.755208651224773)], 'var_diff_acc': [(1, 132.48970647652982)]}
[2024-02-27 14:57:11,566][flwr][INFO] - app_fit: metrics_distributed {}
[2024-02-27 14:57:11,567][flwr][INFO] - app_fit: losses_centralized [(0, 0.02373907542228699), (1, 0.038022672578692435)]
[2024-02-27 14:57:11,568][flwr][INFO] - app_fit: metrics_centralized {'accuracy': [(0, 26.3671875), (1, 26.7578125)]}
