[2024-02-08 18:07:47,671][flwr][INFO] - Starting Flower simulation, config: ServerConfig(num_rounds=3, round_timeout=None)
[2024-02-08 18:07:55,299][flwr][INFO] - Flower VCE: Ray initialized with resources: {'memory': 790305179.0, 'object_store_memory': 395152588.0, 'node:127.0.0.1': 1.0, 'CPU': 4.0, 'node:__internal_head__': 1.0}
[2024-02-08 18:07:55,301][flwr][INFO] - Optimize your simulation with Flower VCE: https://flower.dev/docs/framework/how-to-run-simulations.html
[2024-02-08 18:07:55,302][flwr][INFO] - Flower VCE: Resources for each Virtual Client: {'num_cpus': 2, 'num_gpus': 0.0}
[2024-02-08 18:07:55,440][flwr][INFO] - Flower VCE: Creating VirtualClientEngineActorPool with 2 actors
[2024-02-08 18:07:55,441][flwr][INFO] - Initializing global parameters
[2024-02-08 18:07:55,446][flwr][INFO] - Requesting initial parameters from one random client
[2024-02-08 18:08:04,347][flwr][INFO] - Received initial parameters from one random client
[2024-02-08 18:08:04,348][flwr][INFO] - Evaluating initial parameters
[2024-02-08 18:08:51,140][flwr][INFO] - initial parameters (loss, other metrics): 0.02434969538450241, {'accuracy': 28.125}
[2024-02-08 18:08:51,143][flwr][INFO] - FL starting
[2024-02-08 18:08:51,147][flwr][DEBUG] - fit_round 1: strategy sampled 10 clients (out of 100)
[2024-02-08 18:10:44,117][flwr][DEBUG] - fit_round 1 received 10 results and 0 failures
[2024-02-08 18:10:45,013][flwr][WARNING] - No fit_metrics_aggregation_fn provided
[2024-02-08 18:11:25,372][flwr][INFO] - fit progress: (1, 0.02393814092874527, {'accuracy': 27.9296875}, 154.22834120003972)
[2024-02-08 18:11:25,373][flwr][INFO] - evaluate_round 1: no clients selected, cancel
[2024-02-08 18:11:25,374][flwr][DEBUG] - fit_round 2: strategy sampled 10 clients (out of 100)
[2024-02-08 18:13:04,011][flwr][DEBUG] - fit_round 2 received 10 results and 0 failures
[2024-02-08 18:13:45,711][flwr][INFO] - fit progress: (2, 0.023864351034164427, {'accuracy': 27.40234375}, 294.56655670003965)
[2024-02-08 18:13:45,712][flwr][INFO] - evaluate_round 2: no clients selected, cancel
[2024-02-08 18:13:45,713][flwr][DEBUG] - fit_round 3: strategy sampled 10 clients (out of 100)
[2024-02-08 18:15:06,119][flwr][DEBUG] - fit_round 3 received 10 results and 0 failures
[2024-02-08 18:15:47,205][flwr][INFO] - fit progress: (3, 0.021931897878646852, {'accuracy': 31.4453125}, 416.06122869998217)
[2024-02-08 18:15:47,206][flwr][INFO] - evaluate_round 3: no clients selected, cancel
[2024-02-08 18:15:47,207][flwr][INFO] - FL finished in 416.06263160007074
[2024-02-08 18:15:47,245][flwr][INFO] - app_fit: losses_distributed []
[2024-02-08 18:15:47,246][flwr][INFO] - app_fit: metrics_distributed_fit {}
[2024-02-08 18:15:47,247][flwr][INFO] - app_fit: metrics_distributed {}
[2024-02-08 18:15:47,247][flwr][INFO] - app_fit: losses_centralized [(0, 0.02434969538450241), (1, 0.02393814092874527), (2, 0.023864351034164427), (3, 0.021931897878646852)]
[2024-02-08 18:15:47,248][flwr][INFO] - app_fit: metrics_centralized {'accuracy': [(0, 28.125), (1, 27.9296875), (2, 27.40234375), (3, 31.4453125)]}
