[2024-03-13 21:46:45,063][flwr][WARNING] - Both server and strategy were provided, ignoring strategy
[2024-03-13 21:46:45,063][flwr][INFO] - Starting Flower simulation, config: ServerConfig(num_rounds=50, round_timeout=None)
[2024-03-13 21:46:48,410][flwr][INFO] - Flower VCE: Ray initialized with resources: {'object_store_memory': 8148563558.0, 'node:127.0.0.1': 1.0, 'memory': 16297127118.0, 'CPU': 6.0, 'GPU': 1.0, 'node:__internal_head__': 1.0}
[2024-03-13 21:46:48,412][flwr][INFO] - Optimize your simulation with Flower VCE: https://flower.dev/docs/framework/how-to-run-simulations.html
[2024-03-13 21:46:48,412][flwr][INFO] - Flower VCE: Resources for each Virtual Client: {'num_cpus': 1, 'num_gpus': 1}
[2024-03-13 21:46:48,421][flwr][INFO] - Flower VCE: Creating VirtualClientEngineActorPool with 1 actors
[2024-03-13 21:46:48,422][flwr][INFO] - Initializing global parameters
[2024-03-13 21:46:48,422][flwr][INFO] - Requesting initial parameters from one random client
[2024-03-13 21:46:53,474][flwr][INFO] - Received initial parameters from one random client
[2024-03-13 21:46:53,496][flwr][INFO] - Evaluating initial parameters
[2024-03-13 21:47:07,278][flwr][INFO] - initial parameters (loss, other metrics): 0.021809316992759703, {'accuracy': 35.17578125}
[2024-03-13 21:47:07,279][flwr][INFO] - FL starting
[2024-03-13 21:47:07,338][flwr][DEBUG] - fit_round 1: strategy sampled 2 clients (out of 4)
[2024-03-13 21:50:04,187][flwr][ERROR] - The actor died unexpectedly before finishing this task.
	class_name: DefaultActor
	actor_id: 9da0f740af819740fbb9522c01000000
	pid: 13580
	namespace: 3b5f6c34-2de7-46b3-9536-2924bff4fb2b
	ip: 127.0.0.1
The actor is dead because its worker process has died. Worker exit type: SYSTEM_ERROR Worker exit detail: Worker unexpectedly exits with a connection error code 10054. An existing connection was forcibly closed by the remote host. There are some potential root causes. (1) The process is killed by SIGKILL by OOM killer due to high memory usage. (2) ray stop --force is called. (3) The worker is crashed unexpectedly due to SIGSEGV or other unexpected errors.
[2024-03-13 21:50:04,187][flwr][WARNING] - Actor(9da0f740af819740fbb9522c01000000) will be remove from pool.
[2024-03-13 21:50:04,187][flwr][ERROR] - Traceback (most recent call last):
  File "C:\Users\smpoulio_local\miniconda3\envs\fresh_pyt\Lib\site-packages\flwr\simulation\ray_transport\ray_client_proxy.py", line 151, in _submit_job
    res, updated_context = self.actor_pool.get_client_result(self.cid, timeout)
                           ^^^^^^^^^^^^^^^^^^^^^^^^^^^^^^^^^^^^^^^^^^^^^^^^^^^^
  File "C:\Users\smpoulio_local\miniconda3\envs\fresh_pyt\Lib\site-packages\flwr\simulation\ray_transport\ray_actor.py", line 425, in get_client_result
    return self._fetch_future_result(cid)
           ^^^^^^^^^^^^^^^^^^^^^^^^^^^^^^
  File "C:\Users\smpoulio_local\miniconda3\envs\fresh_pyt\Lib\site-packages\flwr\simulation\ray_transport\ray_actor.py", line 315, in _fetch_future_result
    raise ex
  File "C:\Users\smpoulio_local\miniconda3\envs\fresh_pyt\Lib\site-packages\flwr\simulation\ray_transport\ray_actor.py", line 306, in _fetch_future_result
    res_cid, res, updated_context = ray.get(
                                    ^^^^^^^^
  File "C:\Users\smpoulio_local\miniconda3\envs\fresh_pyt\Lib\site-packages\ray\_private\auto_init_hook.py", line 24, in auto_init_wrapper
    return fn(*args, **kwargs)
           ^^^^^^^^^^^^^^^^^^^
  File "C:\Users\smpoulio_local\miniconda3\envs\fresh_pyt\Lib\site-packages\ray\_private\client_mode_hook.py", line 103, in wrapper
    return func(*args, **kwargs)
           ^^^^^^^^^^^^^^^^^^^^^
  File "C:\Users\smpoulio_local\miniconda3\envs\fresh_pyt\Lib\site-packages\ray\_private\worker.py", line 2526, in get
    raise value
ray.exceptions.RayActorError: The actor died unexpectedly before finishing this task.
	class_name: DefaultActor
	actor_id: 9da0f740af819740fbb9522c01000000
	pid: 13580
	namespace: 3b5f6c34-2de7-46b3-9536-2924bff4fb2b
	ip: 127.0.0.1
The actor is dead because its worker process has died. Worker exit type: SYSTEM_ERROR Worker exit detail: Worker unexpectedly exits with a connection error code 10054. An existing connection was forcibly closed by the remote host. There are some potential root causes. (1) The process is killed by SIGKILL by OOM killer due to high memory usage. (2) ray stop --force is called. (3) The worker is crashed unexpectedly due to SIGSEGV or other unexpected errors.

[2024-03-13 21:50:04,199][flwr][ERROR] - The actor died unexpectedly before finishing this task.
	class_name: DefaultActor
	actor_id: 9da0f740af819740fbb9522c01000000
	pid: 13580
	namespace: 3b5f6c34-2de7-46b3-9536-2924bff4fb2b
	ip: 127.0.0.1
The actor is dead because its worker process has died. Worker exit type: SYSTEM_ERROR Worker exit detail: Worker unexpectedly exits with a connection error code 10054. An existing connection was forcibly closed by the remote host. There are some potential root causes. (1) The process is killed by SIGKILL by OOM killer due to high memory usage. (2) ray stop --force is called. (3) The worker is crashed unexpectedly due to SIGSEGV or other unexpected errors.
