[2024-02-27 14:33:41,854][flwr][WARNING] - Both server and strategy were provided, ignoring strategy
[2024-02-27 14:33:41,855][flwr][INFO] - Starting Flower simulation, config: ServerConfig(num_rounds=1, round_timeout=None)
[2024-02-27 14:33:48,381][flwr][INFO] - Flower VCE: Ray initialized with resources: {'node:__internal_head__': 1.0, 'CPU': 4.0, 'object_store_memory': 1306264780.0, 'memory': 2612529563.0, 'node:127.0.0.1': 1.0}
[2024-02-27 14:33:48,382][flwr][INFO] - Optimize your simulation with Flower VCE: https://flower.dev/docs/framework/how-to-run-simulations.html
[2024-02-27 14:33:48,383][flwr][INFO] - Flower VCE: Resources for each Virtual Client: {'num_cpus': 4, 'num_gpus': 0.0}
[2024-02-27 14:33:48,398][flwr][INFO] - Flower VCE: Creating VirtualClientEngineActorPool with 1 actors
[2024-02-27 14:33:48,399][flwr][INFO] - Initializing global parameters
[2024-02-27 14:33:48,404][flwr][INFO] - Requesting initial parameters from one random client
[2024-02-27 14:33:56,046][flwr][INFO] - Received initial parameters from one random client
[2024-02-27 14:33:56,046][flwr][INFO] - Evaluating initial parameters
[2024-02-27 14:36:34,078][flwr][INFO] - initial parameters (loss, other metrics): 0.023586981058120727, {'accuracy': 22.265625}
[2024-02-27 14:36:34,080][flwr][INFO] - FL starting
[2024-02-27 14:36:34,081][flwr][DEBUG] - fit_round 1: strategy sampled 2 clients (out of 50)
[2024-02-27 14:38:21,394][flwr][DEBUG] - fit_round 1 received 2 results and 0 failures
[2024-02-27 14:41:09,275][flwr][INFO] - fit progress: (1, 0.0237108371257782, {'accuracy': 20.703125}, 275.1933100000024)
[2024-02-27 14:41:09,279][flwr][INFO] - evaluate_round 1: no clients selected, cancel
[2024-02-27 14:41:09,280][flwr][INFO] - FL finished in 275.1989401001483
[2024-02-27 14:41:09,329][flwr][INFO] - app_fit: losses_distributed []
[2024-02-27 14:41:09,331][flwr][INFO] - app_fit: metrics_distributed_fit {'loss': [(1, 1.3916757702827454)], 'accuracy': [(1, 34.25925827026367)], 'mean_diff_acc': [(1, 0.0)], 'var_diff_acc': [(1, 0.8573393435799517)]}
[2024-02-27 14:41:09,333][flwr][INFO] - app_fit: metrics_distributed {}
[2024-02-27 14:41:09,333][flwr][INFO] - app_fit: losses_centralized [(0, 0.023586981058120727), (1, 0.0237108371257782)]
[2024-02-27 14:41:09,334][flwr][INFO] - app_fit: metrics_centralized {'accuracy': [(0, 22.265625), (1, 20.703125)]}
