[2024-02-06 13:56:04,338][flwr][INFO] - Starting Flower simulation, config: ServerConfig(num_rounds=3, round_timeout=None)
[2024-02-06 13:56:11,363][flwr][INFO] - Flower VCE: Ray initialized with resources: {'memory': 1570494875.0, 'object_store_memory': 785247436.0, 'node:127.0.0.1': 1.0, 'CPU': 4.0, 'node:__internal_head__': 1.0}
[2024-02-06 13:56:11,364][flwr][INFO] - Optimize your simulation with Flower VCE: https://flower.dev/docs/framework/how-to-run-simulations.html
[2024-02-06 13:56:11,364][flwr][INFO] - Flower VCE: Resources for each Virtual Client: {'num_cpus': 2, 'num_gpus': 0.0}
[2024-02-06 13:56:11,378][flwr][INFO] - Flower VCE: Creating VirtualClientEngineActorPool with 2 actors
[2024-02-06 13:56:11,379][flwr][INFO] - Initializing global parameters
[2024-02-06 13:56:11,380][flwr][INFO] - Requesting initial parameters from one random client
[2024-02-06 13:56:17,501][flwr][INFO] - Received initial parameters from one random client
[2024-02-06 13:56:17,502][flwr][INFO] - Evaluating initial parameters
[2024-02-06 13:56:20,202][flwr][INFO] - initial parameters (loss, other metrics): 0.018187873435020447, {'accuracy': 0.1137}
[2024-02-06 13:56:20,203][flwr][INFO] - FL starting
[2024-02-06 13:56:20,204][flwr][DEBUG] - fit_round 1: strategy sampled 10 clients (out of 100)
[2024-02-06 13:57:01,573][flwr][DEBUG] - fit_round 1 received 10 results and 0 failures
[2024-02-06 13:57:01,586][flwr][WARNING] - No fit_metrics_aggregation_fn provided
[2024-02-06 13:57:04,326][flwr][INFO] - fit progress: (1, 0.018106561064720153, {'accuracy': 0.1155}, 44.12147349998122)
[2024-02-06 13:57:04,326][flwr][INFO] - evaluate_round 1: no clients selected, cancel
[2024-02-06 13:57:04,328][flwr][DEBUG] - fit_round 2: strategy sampled 10 clients (out of 100)
[2024-02-06 13:57:47,899][flwr][DEBUG] - fit_round 2 received 10 results and 0 failures
[2024-02-06 13:57:50,565][flwr][INFO] - fit progress: (2, 0.017937258124351502, {'accuracy': 0.2284}, 90.36166519997641)
[2024-02-06 13:57:50,566][flwr][INFO] - evaluate_round 2: no clients selected, cancel
[2024-02-06 13:57:50,567][flwr][DEBUG] - fit_round 3: strategy sampled 10 clients (out of 100)
[2024-02-06 13:58:27,766][flwr][DEBUG] - fit_round 3 received 10 results and 0 failures
[2024-02-06 13:58:30,346][flwr][INFO] - fit progress: (3, 0.01718350350856781, {'accuracy': 0.3886}, 130.1419467999949)
[2024-02-06 13:58:30,347][flwr][INFO] - evaluate_round 3: no clients selected, cancel
[2024-02-06 13:58:30,347][flwr][INFO] - FL finished in 130.14301840000553
[2024-02-06 13:58:30,348][flwr][INFO] - app_fit: losses_distributed []
[2024-02-06 13:58:30,348][flwr][INFO] - app_fit: metrics_distributed_fit {}
[2024-02-06 13:58:30,349][flwr][INFO] - app_fit: metrics_distributed {}
[2024-02-06 13:58:30,349][flwr][INFO] - app_fit: losses_centralized [(0, 0.018187873435020447), (1, 0.018106561064720153), (2, 0.017937258124351502), (3, 0.01718350350856781)]
[2024-02-06 13:58:30,350][flwr][INFO] - app_fit: metrics_centralized {'accuracy': [(0, 0.1137), (1, 0.1155), (2, 0.2284), (3, 0.3886)]}
